2024-01-07 15:59:23.708 [info] Started local extension host with pid 1946.
2024-01-07 15:59:26.838 [info] [perf] Render performance baseline is 25ms
2024-01-07 16:03:21.349 [error] Error: Unable to write file 'vscode-userdata:/home/thibault/.config/Code - OSS/Backups/fc90dc421a5f137cdfe67e207c096f9e/file/-2fb15d09' (Error: Unable to create folder 'vscode-userdata:/home/thibault/.config/Code - OSS' that already exists but is not a directory)
    at n.writeFile (vscode-file://vscode-app/usr/lib/code/out/vs/workbench/workbench.desktop.main.js:645:16867)
    at async Object.factory (vscode-file://vscode-app/usr/lib/code/out/vs/workbench/workbench.desktop.main.js:2144:844)
2024-01-07 16:03:24.437 [error] Error: Unable to write file 'vscode-userdata:/home/thibault/.config/Code - OSS/Backups/fc90dc421a5f137cdfe67e207c096f9e/file/-2fb15d09' (Error: Unable to create folder 'vscode-userdata:/home/thibault/.config/Code - OSS' that already exists but is not a directory)
    at n.writeFile (vscode-file://vscode-app/usr/lib/code/out/vs/workbench/workbench.desktop.main.js:645:16867)
    at async Object.factory (vscode-file://vscode-app/usr/lib/code/out/vs/workbench/workbench.desktop.main.js:2144:844)
2024-01-07 16:03:26.929 [error] Error: Unable to write file 'vscode-userdata:/home/thibault/.config/Code - OSS/Backups/fc90dc421a5f137cdfe67e207c096f9e/file/-2fb15d09' (Error: Unable to create folder 'vscode-userdata:/home/thibault/.config/Code - OSS' that already exists but is not a directory)
    at n.writeFile (vscode-file://vscode-app/usr/lib/code/out/vs/workbench/workbench.desktop.main.js:645:16867)
    at async Object.factory (vscode-file://vscode-app/usr/lib/code/out/vs/workbench/workbench.desktop.main.js:2144:844)
2024-01-07 16:03:28.913 [error] Error: Unable to write file 'vscode-userdata:/home/thibault/.config/Code - OSS/Backups/fc90dc421a5f137cdfe67e207c096f9e/file/-2fb15d09' (Error: Unable to create folder 'vscode-userdata:/home/thibault/.config/Code - OSS' that already exists but is not a directory)
    at n.writeFile (vscode-file://vscode-app/usr/lib/code/out/vs/workbench/workbench.desktop.main.js:645:16867)
    at async Object.factory (vscode-file://vscode-app/usr/lib/code/out/vs/workbench/workbench.desktop.main.js:2144:844)
2024-01-07 16:03:32.712 [error] Error: Unable to write file 'vscode-userdata:/home/thibault/.config/Code - OSS/Backups/fc90dc421a5f137cdfe67e207c096f9e/file/-2fb15d09' (Error: Unable to create folder 'vscode-userdata:/home/thibault/.config/Code - OSS' that already exists but is not a directory)
    at n.writeFile (vscode-file://vscode-app/usr/lib/code/out/vs/workbench/workbench.desktop.main.js:645:16867)
    at async Object.factory (vscode-file://vscode-app/usr/lib/code/out/vs/workbench/workbench.desktop.main.js:2144:844)
2024-01-07 16:03:35.830 [error] Error: Unable to write file 'vscode-userdata:/home/thibault/.config/Code - OSS/Backups/fc90dc421a5f137cdfe67e207c096f9e/file/-2fb15d09' (Error: Unable to create folder 'vscode-userdata:/home/thibault/.config/Code - OSS' that already exists but is not a directory)
    at n.writeFile (vscode-file://vscode-app/usr/lib/code/out/vs/workbench/workbench.desktop.main.js:645:16867)
    at async Object.factory (vscode-file://vscode-app/usr/lib/code/out/vs/workbench/workbench.desktop.main.js:2144:844)
2024-01-07 16:03:39.792 [error] Error: Unable to write file 'vscode-userdata:/home/thibault/.config/Code - OSS/Backups/fc90dc421a5f137cdfe67e207c096f9e/file/-2fb15d09' (Error: Unable to create folder 'vscode-userdata:/home/thibault/.config/Code - OSS' that already exists but is not a directory)
    at n.writeFile (vscode-file://vscode-app/usr/lib/code/out/vs/workbench/workbench.desktop.main.js:645:16867)
    at async Object.factory (vscode-file://vscode-app/usr/lib/code/out/vs/workbench/workbench.desktop.main.js:2144:844)
2024-01-07 16:03:41.722 [error] Error: Unable to write file 'vscode-userdata:/home/thibault/.config/Code - OSS/Backups/fc90dc421a5f137cdfe67e207c096f9e/file/-2fb15d09' (Error: Unable to create folder 'vscode-userdata:/home/thibault/.config/Code - OSS' that already exists but is not a directory)
    at n.writeFile (vscode-file://vscode-app/usr/lib/code/out/vs/workbench/workbench.desktop.main.js:645:16867)
    at async Object.factory (vscode-file://vscode-app/usr/lib/code/out/vs/workbench/workbench.desktop.main.js:2144:844)
2024-01-07 16:03:43.189 [error] Error: Unable to write file 'vscode-userdata:/home/thibault/.config/Code - OSS/Backups/fc90dc421a5f137cdfe67e207c096f9e/file/-2fb15d09' (Error: Unable to create folder 'vscode-userdata:/home/thibault/.config/Code - OSS' that already exists but is not a directory)
    at n.writeFile (vscode-file://vscode-app/usr/lib/code/out/vs/workbench/workbench.desktop.main.js:645:16867)
    at async Object.factory (vscode-file://vscode-app/usr/lib/code/out/vs/workbench/workbench.desktop.main.js:2144:844)
2024-01-07 16:03:47.331 [error] Error: Unable to write file 'vscode-userdata:/home/thibault/.config/Code - OSS/Backups/fc90dc421a5f137cdfe67e207c096f9e/file/-2fb15d09' (Error: Unable to create folder 'vscode-userdata:/home/thibault/.config/Code - OSS' that already exists but is not a directory)
    at n.writeFile (vscode-file://vscode-app/usr/lib/code/out/vs/workbench/workbench.desktop.main.js:645:16867)
    at async Object.factory (vscode-file://vscode-app/usr/lib/code/out/vs/workbench/workbench.desktop.main.js:2144:844)
2024-01-07 16:04:13.291 [error] Error: Unable to write file 'vscode-userdata:/home/thibault/.config/Code - OSS/Backups/fc90dc421a5f137cdfe67e207c096f9e/file/-2fb15d09' (Error: Unable to create folder 'vscode-userdata:/home/thibault/.config/Code - OSS' that already exists but is not a directory)
    at n.writeFile (vscode-file://vscode-app/usr/lib/code/out/vs/workbench/workbench.desktop.main.js:645:16867)
    at async Object.factory (vscode-file://vscode-app/usr/lib/code/out/vs/workbench/workbench.desktop.main.js:2144:844)
2024-01-07 16:04:18.363 [error] Error: Unable to write file 'vscode-userdata:/home/thibault/.config/Code - OSS/Backups/fc90dc421a5f137cdfe67e207c096f9e/file/-2fb15d09' (Error: Unable to create folder 'vscode-userdata:/home/thibault/.config/Code - OSS' that already exists but is not a directory)
    at n.writeFile (vscode-file://vscode-app/usr/lib/code/out/vs/workbench/workbench.desktop.main.js:645:16867)
    at async Object.factory (vscode-file://vscode-app/usr/lib/code/out/vs/workbench/workbench.desktop.main.js:2144:844)
2024-01-07 16:04:19.517 [error] Error: Unable to write file 'vscode-userdata:/home/thibault/.config/Code - OSS/Backups/fc90dc421a5f137cdfe67e207c096f9e/file/-2fb15d09' (Error: Unable to create folder 'vscode-userdata:/home/thibault/.config/Code - OSS' that already exists but is not a directory)
    at n.writeFile (vscode-file://vscode-app/usr/lib/code/out/vs/workbench/workbench.desktop.main.js:645:16867)
    at async Object.factory (vscode-file://vscode-app/usr/lib/code/out/vs/workbench/workbench.desktop.main.js:2144:844)
