2024-01-07 15:23:51.575 [info] Extension host with pid 406497 started
2024-01-07 15:23:51.592 [info] ExtensionService#_doActivateExtension vscode.emmet, startup: false, activationEvent: 'onLanguage'
2024-01-07 15:23:51.620 [info] ExtensionService#_doActivateExtension vscode.git-base, startup: true, activationEvent: '*', root cause: vscode.git
2024-01-07 15:23:51.626 [info] ExtensionService#_doActivateExtension vscode.git, startup: true, activationEvent: '*'
2024-01-07 15:23:51.674 [info] ExtensionService#_doActivateExtension vscode.github, startup: true, activationEvent: '*'
2024-01-07 15:23:51.716 [info] Eager extensions activated
2024-01-07 15:23:51.734 [info] ExtensionService#_doActivateExtension vscode.debug-auto-launch, startup: false, activationEvent: 'onStartupFinished'
2024-01-07 15:23:51.736 [info] ExtensionService#_doActivateExtension vscode.merge-conflict, startup: false, activationEvent: 'onStartupFinished'
2024-01-07 15:24:00.011 [info] Extension host terminating: renderer closed the MessagePort
2024-01-07 15:24:00.016 [info] Extension host with pid 406497 exiting with code 0
2024-01-07 15:24:00.656 [info] Extension host with pid 406726 started
2024-01-07 15:24:00.656 [info] Skipping acquiring lock for /home/thibault/.config/Code - OSS/User/workspaceStorage/54d3bc3064a5018c91b37682332560b7.
2024-01-07 15:24:00.666 [info] ExtensionService#_doActivateExtension vscode.git-base, startup: true, activationEvent: '*', root cause: vscode.git
2024-01-07 15:24:00.671 [info] ExtensionService#_doActivateExtension vscode.git, startup: true, activationEvent: '*'
2024-01-07 15:24:00.718 [info] ExtensionService#_doActivateExtension vscode.github, startup: true, activationEvent: '*'
2024-01-07 15:24:00.763 [info] Eager extensions activated
2024-01-07 15:24:00.776 [info] ExtensionService#_doActivateExtension vscode.debug-auto-launch, startup: false, activationEvent: 'onStartupFinished'
2024-01-07 15:24:00.778 [info] ExtensionService#_doActivateExtension vscode.merge-conflict, startup: false, activationEvent: 'onStartupFinished'
2024-01-07 15:24:00.852 [info] ExtensionService#_doActivateExtension vscode.github-authentication, startup: false, activationEvent: 'onAuthenticationRequest:github'
2024-01-07 15:24:46.905 [info] ExtensionService#_doActivateExtension vscode.emmet, startup: false, activationEvent: 'onLanguage'
