2024-01-06 17:36:06.649 [info] Log level: Info
2024-01-06 17:36:06.649 [info] Validating found git in: "git"
2024-01-06 17:36:06.649 [info] Using git "2.43.0" from "git"
2024-01-06 17:36:06.649 [info] > git rev-parse --show-toplevel [2ms]
2024-01-06 17:36:06.649 [info] fatal: not a git repository (or any parent up to mount point /)
Stopping at filesystem boundary (GIT_DISCOVERY_ACROSS_FILESYSTEM not set).
2024-01-06 17:36:06.649 [info] > git rev-parse --show-toplevel [5ms]
2024-01-06 17:36:06.649 [info] fatal: not a git repository (or any parent up to mount point /)
Stopping at filesystem boundary (GIT_DISCOVERY_ACROSS_FILESYSTEM not set).
2024-01-06 17:36:06.649 [info] > git rev-parse --show-toplevel [1ms]
2024-01-06 17:36:06.649 [info] fatal: not a git repository (or any parent up to mount point /)
Stopping at filesystem boundary (GIT_DISCOVERY_ACROSS_FILESYSTEM not set).
2024-01-06 17:36:06.659 [info] > git rev-parse --show-toplevel [5ms]
2024-01-06 17:36:06.659 [info] fatal: not a git repository (or any parent up to mount point /)
Stopping at filesystem boundary (GIT_DISCOVERY_ACROSS_FILESYSTEM not set).
2024-01-06 17:36:06.664 [info] > git rev-parse --show-toplevel [0ms]
2024-01-06 17:36:06.664 [info] fatal: not a git repository (or any parent up to mount point /)
Stopping at filesystem boundary (GIT_DISCOVERY_ACROSS_FILESYSTEM not set).
2024-01-06 17:36:06.670 [info] > git rev-parse --show-toplevel [1ms]
2024-01-06 17:36:06.670 [info] fatal: not a git repository (or any parent up to mount point /)
Stopping at filesystem boundary (GIT_DISCOVERY_ACROSS_FILESYSTEM not set).
2024-01-06 17:36:06.674 [info] > git rev-parse --show-toplevel [1ms]
2024-01-06 17:36:06.674 [info] fatal: not a git repository (or any parent up to mount point /)
Stopping at filesystem boundary (GIT_DISCOVERY_ACROSS_FILESYSTEM not set).
2024-01-06 17:36:06.678 [info] > git rev-parse --show-toplevel [1ms]
2024-01-06 17:36:06.678 [info] fatal: not a git repository (or any parent up to mount point /)
Stopping at filesystem boundary (GIT_DISCOVERY_ACROSS_FILESYSTEM not set).
2024-01-06 17:36:06.682 [info] > git rev-parse --show-toplevel [1ms]
2024-01-06 17:36:06.682 [info] fatal: not a git repository (or any parent up to mount point /)
Stopping at filesystem boundary (GIT_DISCOVERY_ACROSS_FILESYSTEM not set).
2024-01-06 17:36:06.687 [info] > git rev-parse --show-toplevel [1ms]
2024-01-06 17:36:06.687 [info] fatal: not a git repository (or any parent up to mount point /)
Stopping at filesystem boundary (GIT_DISCOVERY_ACROSS_FILESYSTEM not set).
2024-01-06 17:36:06.693 [info] > git rev-parse --show-toplevel [1ms]
2024-01-06 17:36:06.693 [info] fatal: not a git repository (or any parent up to mount point /)
Stopping at filesystem boundary (GIT_DISCOVERY_ACROSS_FILESYSTEM not set).
2024-01-06 17:36:06.697 [info] > git rev-parse --show-toplevel [1ms]
2024-01-06 17:36:06.697 [info] fatal: not a git repository (or any parent up to mount point /)
Stopping at filesystem boundary (GIT_DISCOVERY_ACROSS_FILESYSTEM not set).
2024-01-06 17:36:06.700 [info] > git rev-parse --show-toplevel [0ms]
2024-01-06 17:36:06.700 [info] fatal: not a git repository (or any parent up to mount point /)
Stopping at filesystem boundary (GIT_DISCOVERY_ACROSS_FILESYSTEM not set).
2024-01-06 17:36:06.704 [info] > git rev-parse --show-toplevel [1ms]
2024-01-06 17:36:06.704 [info] fatal: not a git repository (or any parent up to mount point /)
Stopping at filesystem boundary (GIT_DISCOVERY_ACROSS_FILESYSTEM not set).
2024-01-06 17:36:06.708 [info] > git rev-parse --show-toplevel [0ms]
2024-01-06 17:36:06.708 [info] fatal: not a git repository (or any parent up to mount point /)
Stopping at filesystem boundary (GIT_DISCOVERY_ACROSS_FILESYSTEM not set).
2024-01-06 17:36:06.712 [info] > git rev-parse --show-toplevel [0ms]
2024-01-06 17:36:06.712 [info] fatal: not a git repository (or any parent up to mount point /)
Stopping at filesystem boundary (GIT_DISCOVERY_ACROSS_FILESYSTEM not set).
2024-01-06 17:36:06.715 [info] > git rev-parse --show-toplevel [0ms]
2024-01-06 17:36:06.715 [info] fatal: not a git repository (or any parent up to mount point /)
Stopping at filesystem boundary (GIT_DISCOVERY_ACROSS_FILESYSTEM not set).
2024-01-06 17:36:06.721 [info] > git rev-parse --show-toplevel [1ms]
2024-01-06 17:36:06.721 [info] fatal: not a git repository (or any parent up to mount point /)
Stopping at filesystem boundary (GIT_DISCOVERY_ACROSS_FILESYSTEM not set).
2024-01-06 17:36:06.731 [info] > git rev-parse --show-toplevel [1ms]
2024-01-06 17:36:06.731 [info] fatal: not a git repository (or any parent up to mount point /)
Stopping at filesystem boundary (GIT_DISCOVERY_ACROSS_FILESYSTEM not set).
2024-01-06 17:36:06.736 [info] > git rev-parse --show-toplevel [1ms]
2024-01-06 17:36:06.736 [info] fatal: not a git repository (or any parent up to mount point /)
Stopping at filesystem boundary (GIT_DISCOVERY_ACROSS_FILESYSTEM not set).
2024-01-06 17:36:06.744 [info] > git rev-parse --show-toplevel [1ms]
2024-01-06 17:36:06.744 [info] fatal: not a git repository (or any parent up to mount point /)
Stopping at filesystem boundary (GIT_DISCOVERY_ACROSS_FILESYSTEM not set).
2024-01-06 17:36:06.749 [info] > git rev-parse --show-toplevel [1ms]
2024-01-06 17:36:06.749 [info] fatal: not a git repository (or any parent up to mount point /)
Stopping at filesystem boundary (GIT_DISCOVERY_ACROSS_FILESYSTEM not set).
2024-01-06 17:36:06.753 [info] > git rev-parse --show-toplevel [1ms]
2024-01-06 17:36:06.753 [info] fatal: not a git repository (or any parent up to mount point /)
Stopping at filesystem boundary (GIT_DISCOVERY_ACROSS_FILESYSTEM not set).
2024-01-06 17:36:06.756 [info] > git rev-parse --show-toplevel [0ms]
2024-01-06 17:36:06.757 [info] fatal: not a git repository (or any parent up to mount point /)
Stopping at filesystem boundary (GIT_DISCOVERY_ACROSS_FILESYSTEM not set).
2024-01-06 17:36:06.760 [info] > git rev-parse --show-toplevel [1ms]
2024-01-06 17:36:06.760 [info] fatal: not a git repository (or any parent up to mount point /)
Stopping at filesystem boundary (GIT_DISCOVERY_ACROSS_FILESYSTEM not set).
2024-01-06 17:36:06.764 [info] > git rev-parse --show-toplevel [1ms]
2024-01-06 17:36:06.764 [info] fatal: not a git repository (or any parent up to mount point /)
Stopping at filesystem boundary (GIT_DISCOVERY_ACROSS_FILESYSTEM not set).
2024-01-06 17:36:06.769 [info] > git rev-parse --show-toplevel [0ms]
2024-01-06 17:36:06.769 [info] fatal: not a git repository (or any parent up to mount point /)
Stopping at filesystem boundary (GIT_DISCOVERY_ACROSS_FILESYSTEM not set).
2024-01-06 17:36:06.774 [info] > git rev-parse --show-toplevel [0ms]
2024-01-06 17:36:06.774 [info] fatal: not a git repository (or any parent up to mount point /)
Stopping at filesystem boundary (GIT_DISCOVERY_ACROSS_FILESYSTEM not set).
2024-01-06 17:36:06.777 [info] > git rev-parse --show-toplevel [1ms]
2024-01-06 17:36:06.777 [info] fatal: not a git repository (or any parent up to mount point /)
Stopping at filesystem boundary (GIT_DISCOVERY_ACROSS_FILESYSTEM not set).
2024-01-06 17:36:06.781 [info] > git rev-parse --show-toplevel [1ms]
2024-01-06 17:36:06.781 [info] fatal: not a git repository (or any parent up to mount point /)
Stopping at filesystem boundary (GIT_DISCOVERY_ACROSS_FILESYSTEM not set).
2024-01-06 17:36:06.785 [info] > git rev-parse --show-toplevel [1ms]
2024-01-06 17:36:06.785 [info] fatal: not a git repository (or any parent up to mount point /)
Stopping at filesystem boundary (GIT_DISCOVERY_ACROSS_FILESYSTEM not set).
2024-01-06 17:36:06.788 [info] > git rev-parse --show-toplevel [0ms]
2024-01-06 17:36:06.788 [info] fatal: not a git repository (or any parent up to mount point /)
Stopping at filesystem boundary (GIT_DISCOVERY_ACROSS_FILESYSTEM not set).
2024-01-06 17:36:06.792 [info] > git rev-parse --show-toplevel [1ms]
2024-01-06 17:36:06.796 [info] > git rev-parse --git-dir --git-common-dir [0ms]
2024-01-06 17:36:06.803 [info] Open repository: /home/thibault/tpdevs1
2024-01-06 17:36:06.813 [info] > git rev-parse --show-toplevel [2ms]
2024-01-06 17:36:06.813 [info] fatal: not a git repository (or any parent up to mount point /)
Stopping at filesystem boundary (GIT_DISCOVERY_ACROSS_FILESYSTEM not set).
2024-01-06 17:36:06.813 [info] > git config --get commit.template [5ms]
2024-01-06 17:36:06.821 [info] > git for-each-ref --format=%(refname)%00%(upstream:short)%00%(objectname)%00%(upstream:track)%00%(upstream:remotename)%00%(upstream:remoteref) refs/heads/master refs/remotes/master [1ms]
2024-01-06 17:36:06.821 [info] > git rev-parse --show-toplevel [4ms]
2024-01-06 17:36:06.821 [info] fatal: not a git repository (or any parent up to mount point /)
Stopping at filesystem boundary (GIT_DISCOVERY_ACROSS_FILESYSTEM not set).
2024-01-06 17:36:06.827 [info] > git status -z -uall [1ms]
2024-01-06 17:36:06.846 [info] > git config --get commit.template [7ms]
2024-01-06 17:36:06.851 [info] > git rev-parse --show-toplevel [5ms]
2024-01-06 17:36:06.851 [info] fatal: not a git repository (or any parent up to mount point /)
Stopping at filesystem boundary (GIT_DISCOVERY_ACROSS_FILESYSTEM not set).
2024-01-06 17:36:06.851 [info] > git for-each-ref --format=%(refname)%00%(upstream:short)%00%(objectname)%00%(upstream:track)%00%(upstream:remotename)%00%(upstream:remoteref) refs/heads/master refs/remotes/master [1ms]
2024-01-06 17:36:06.856 [info] > git status -z -uall [1ms]
2024-01-06 17:36:23.322 [info] > git rev-parse --show-toplevel [0ms]
2024-01-06 17:36:23.322 [info] fatal: not a git repository (or any parent up to mount point /)
Stopping at filesystem boundary (GIT_DISCOVERY_ACROSS_FILESYSTEM not set).
