2024-01-07 15:59:23.954 [info] Extension host with pid 1946 started
2024-01-07 15:59:23.954 [info] Skipping acquiring lock for /home/thibault/.config/Code - OSS/User/workspaceStorage/54d3bc3064a5018c91b37682332560b7.
2024-01-07 15:59:24.011 [info] ExtensionService#_doActivateExtension vscode.emmet, startup: false, activationEvent: 'onLanguage'
2024-01-07 15:59:24.047 [info] ExtensionService#_doActivateExtension vscode.git-base, startup: true, activationEvent: '*', root cause: vscode.git
2024-01-07 15:59:24.050 [info] ExtensionService#_doActivateExtension vscode.git, startup: true, activationEvent: '*'
2024-01-07 15:59:24.100 [info] ExtensionService#_doActivateExtension vscode.github, startup: true, activationEvent: '*'
2024-01-07 15:59:24.165 [info] Eager extensions activated
2024-01-07 15:59:24.187 [info] ExtensionService#_doActivateExtension vscode.debug-auto-launch, startup: false, activationEvent: 'onStartupFinished'
2024-01-07 15:59:24.189 [info] ExtensionService#_doActivateExtension vscode.merge-conflict, startup: false, activationEvent: 'onStartupFinished'
2024-01-07 15:59:24.302 [info] ExtensionService#_doActivateExtension vscode.github-authentication, startup: false, activationEvent: 'onAuthenticationRequest:github'
2024-01-07 16:03:17.569 [warning] [Decorations] CAPPING events from decorations provider vscode.git 5609
2024-01-07 16:03:22.726 [warning] [Decorations] CAPPING events from decorations provider vscode.git 5572
2024-01-07 16:03:27.878 [warning] [Decorations] CAPPING events from decorations provider vscode.git 5572
2024-01-07 16:03:33.038 [warning] [Decorations] CAPPING events from decorations provider vscode.git 5572
2024-01-07 16:03:38.120 [warning] [Decorations] CAPPING events from decorations provider vscode.git 5572
2024-01-07 16:03:43.194 [warning] [Decorations] CAPPING events from decorations provider vscode.git 5572
2024-01-07 16:03:48.267 [warning] [Decorations] CAPPING events from decorations provider vscode.git 5572
2024-01-07 16:03:53.347 [warning] [Decorations] CAPPING events from decorations provider vscode.git 5572
2024-01-07 16:03:58.504 [warning] [Decorations] CAPPING events from decorations provider vscode.git 5572
2024-01-07 16:04:03.580 [warning] [Decorations] CAPPING events from decorations provider vscode.git 5572
2024-01-07 16:04:08.716 [warning] [Decorations] CAPPING events from decorations provider vscode.git 5572
2024-01-07 16:04:13.863 [warning] [Decorations] CAPPING events from decorations provider vscode.git 5572
2024-01-07 16:04:18.945 [warning] [Decorations] CAPPING events from decorations provider vscode.git 5572
2024-01-07 16:05:43.518 [warning] [Decorations] CAPPING events from decorations provider vscode.git 5581
2024-01-07 16:05:56.733 [warning] [Decorations] CAPPING events from decorations provider vscode.git 5581
2024-01-07 16:06:05.681 [warning] [Decorations] CAPPING events from decorations provider vscode.git 5581
2024-01-07 16:06:15.026 [warning] [Decorations] CAPPING events from decorations provider vscode.git 5581
2024-01-07 16:06:57.812 [warning] [Decorations] CAPPING events from decorations provider vscode.git 5581
2024-01-07 16:07:08.045 [warning] [Decorations] CAPPING events from decorations provider vscode.git 5582
2024-01-07 16:07:33.713 [warning] [Decorations] CAPPING events from decorations provider vscode.git 5582
2024-01-07 16:07:42.089 [warning] [Decorations] CAPPING events from decorations provider vscode.git 5584
2024-01-07 16:07:47.232 [warning] [Decorations] CAPPING events from decorations provider vscode.git 5584
2024-01-07 16:07:56.684 [warning] [Decorations] CAPPING events from decorations provider vscode.git 5584
2024-01-07 16:08:01.754 [warning] [Decorations] CAPPING events from decorations provider vscode.git 5584
2024-01-07 16:08:12.939 [warning] [Decorations] CAPPING events from decorations provider vscode.git 5584
2024-01-07 16:08:26.686 [warning] [Decorations] CAPPING events from decorations provider vscode.git 5584
2024-01-07 16:08:31.762 [warning] [Decorations] CAPPING events from decorations provider vscode.git 5583
2024-01-07 16:08:36.857 [warning] [Decorations] CAPPING events from decorations provider vscode.git 5583
2024-01-07 16:08:41.933 [warning] [Decorations] CAPPING events from decorations provider vscode.git 5583
