2024-01-07 15:54:13.063 [info] Log level: Info
2024-01-07 15:54:13.063 [info] Validating found git in: "git"
2024-01-07 15:54:13.075 [info] Using git "2.43.0" from "git"
2024-01-07 15:54:13.087 [info] > git rev-parse --show-toplevel [5ms]
2024-01-07 15:54:13.094 [info] > git rev-parse --git-dir --git-common-dir [1ms]
2024-01-07 15:54:13.101 [info] Open repository: /home/thibault/.dotfiles
2024-01-07 15:54:13.134 [info] > git rev-parse --show-toplevel [8ms]
2024-01-07 15:54:13.135 [info] > git config --get commit.template [11ms]
2024-01-07 15:54:13.146 [info] > git rev-parse --show-toplevel [7ms]
2024-01-07 15:54:13.150 [info] > git rev-parse --show-toplevel [1ms]
2024-01-07 15:54:13.151 [info] > git for-each-ref --format=%(refname)%00%(upstream:short)%00%(objectname)%00%(upstream:track)%00%(upstream:remotename)%00%(upstream:remoteref) refs/heads/main refs/remotes/main [5ms]
2024-01-07 15:54:13.181 [info] > git status -z -uall [26ms]
2024-01-07 15:54:13.191 [info] > git config --get commit.template [0ms]
2024-01-07 15:54:13.209 [info] > git for-each-ref --format=%(refname)%00%(upstream:short)%00%(objectname)%00%(upstream:track)%00%(upstream:remotename)%00%(upstream:remoteref) refs/heads/main refs/remotes/main [13ms]
2024-01-07 15:54:13.254 [info] > git status -z -uall [7ms]
2024-01-07 15:54:13.576 [info] > git show --textconv :install.sh [4ms]
2024-01-07 15:54:13.577 [info] > git ls-files --stage -- /home/thibault/.dotfiles/install.sh [1ms]
2024-01-07 15:54:13.582 [info] > git cat-file -s 312e8d75cc80b92fabd28aadc996a12dc92c27af [1ms]
2024-01-07 15:54:13.633 [info] > git check-ignore -v -z --stdin [2ms]
2024-01-07 15:54:15.387 [info] > git config --get commit.template [15ms]
2024-01-07 15:54:15.388 [info] > git for-each-ref --format=%(refname)%00%(upstream:short)%00%(objectname)%00%(upstream:track)%00%(upstream:remotename)%00%(upstream:remoteref) refs/heads/main refs/remotes/main [4ms]
2024-01-07 15:54:15.432 [info] > git status -z -uall [30ms]
2024-01-07 15:54:20.468 [info] > git config --get commit.template [15ms]
2024-01-07 15:54:20.470 [info] > git for-each-ref --format=%(refname)%00%(upstream:short)%00%(objectname)%00%(upstream:track)%00%(upstream:remotename)%00%(upstream:remoteref) refs/heads/main refs/remotes/main [3ms]
2024-01-07 15:54:20.522 [info] > git status -z -uall [38ms]
2024-01-07 15:54:22.240 [info] > git check-ignore -v -z --stdin [1ms]
2024-01-07 15:54:24.026 [info] > git check-ignore -v -z --stdin [1ms]
2024-01-07 15:54:25.558 [info] > git config --get commit.template [15ms]
2024-01-07 15:54:25.559 [info] > git for-each-ref --format=%(refname)%00%(upstream:short)%00%(objectname)%00%(upstream:track)%00%(upstream:remotename)%00%(upstream:remoteref) refs/heads/main refs/remotes/main [3ms]
2024-01-07 15:54:25.601 [info] > git status -z -uall [28ms]
2024-01-07 15:54:27.634 [info] > git check-ignore -v -z --stdin [1ms]
2024-01-07 15:54:28.168 [info] > git check-ignore -v -z --stdin [16ms]
2024-01-07 15:54:30.618 [info] > git config --get commit.template [2ms]
2024-01-07 15:54:30.619 [info] > git for-each-ref --format=%(refname)%00%(upstream:short)%00%(objectname)%00%(upstream:track)%00%(upstream:remotename)%00%(upstream:remoteref) refs/heads/main refs/remotes/main [1ms]
2024-01-07 15:54:30.629 [info] > git status -z -uall [7ms]
2024-01-07 15:54:34.764 [info] > git check-ignore -v -z --stdin [1ms]
2024-01-07 15:54:35.642 [info] > git config --get commit.template [4ms]
2024-01-07 15:54:35.643 [info] > git for-each-ref --format=%(refname)%00%(upstream:short)%00%(objectname)%00%(upstream:track)%00%(upstream:remotename)%00%(upstream:remoteref) refs/heads/main refs/remotes/main [1ms]
2024-01-07 15:54:35.661 [info] > git status -z -uall [14ms]
2024-01-07 15:54:37.597 [info] > git check-ignore -v -z --stdin [1ms]
2024-01-07 15:54:38.598 [info] > git check-ignore -v -z --stdin [1ms]
2024-01-07 15:54:39.247 [info] > git check-ignore -v -z --stdin [0ms]
2024-01-07 15:54:40.042 [info] > git check-ignore -v -z --stdin [3ms]
2024-01-07 15:54:42.212 [info] > git check-ignore -v -z --stdin [4ms]
2024-01-07 15:54:42.838 [info] > git check-ignore -v -z --stdin [1ms]
2024-01-07 15:54:44.929 [info] > git config --get commit.template [3ms]
2024-01-07 15:54:44.929 [info] > git for-each-ref --format=%(refname)%00%(upstream:short)%00%(objectname)%00%(upstream:track)%00%(upstream:remotename)%00%(upstream:remoteref) refs/heads/main refs/remotes/main [1ms]
2024-01-07 15:54:44.940 [info] > git status -z -uall [7ms]
2024-01-07 15:54:48.528 [info] > git ls-files --stage -- /home/thibault/.dotfiles/.gitconfig [1ms]
2024-01-07 15:54:48.531 [info] > git show --textconv :.gitconfig [7ms]
2024-01-07 15:54:48.531 [info] > git cat-file -s ba30bc439c59ef56f3c97309b7d31ce3d7ca9f23 [1ms]
2024-01-07 15:54:49.527 [info] > git check-ignore -v -z --stdin [1ms]
2024-01-07 15:54:50.314 [info] > git config --get commit.template [0ms]
2024-01-07 15:54:50.318 [info] > git for-each-ref --format=%(refname)%00%(upstream:short)%00%(objectname)%00%(upstream:track)%00%(upstream:remotename)%00%(upstream:remoteref) refs/heads/main refs/remotes/main [0ms]
2024-01-07 15:54:50.329 [info] > git status -z -uall [7ms]
2024-01-07 15:55:12.285 [info] > git config --get commit.template [15ms]
2024-01-07 15:55:12.287 [info] > git for-each-ref --format=%(refname)%00%(upstream:short)%00%(objectname)%00%(upstream:track)%00%(upstream:remotename)%00%(upstream:remoteref) refs/heads/main refs/remotes/main [3ms]
2024-01-07 15:55:12.332 [info] > git status -z -uall [32ms]
2024-01-07 15:55:49.867 [info] > git config --get commit.template [4ms]
2024-01-07 15:55:49.868 [info] > git for-each-ref --format=%(refname)%00%(upstream:short)%00%(objectname)%00%(upstream:track)%00%(upstream:remotename)%00%(upstream:remoteref) refs/heads/main refs/remotes/main [1ms]
2024-01-07 15:55:49.878 [info] > git status -z -uall [7ms]
2024-01-07 15:55:54.891 [info] > git config --get commit.template [3ms]
2024-01-07 15:55:54.891 [info] > git for-each-ref --format=%(refname)%00%(upstream:short)%00%(objectname)%00%(upstream:track)%00%(upstream:remotename)%00%(upstream:remoteref) refs/heads/main refs/remotes/main [0ms]
2024-01-07 15:55:54.901 [info] > git status -z -uall [7ms]
2024-01-07 15:55:58.244 [info] > git show --textconv :install.sh [15ms]
2024-01-07 15:55:58.247 [info] > git ls-files --stage -- /home/thibault/.dotfiles/install.sh [4ms]
2024-01-07 15:55:58.262 [info] > git cat-file -s 312e8d75cc80b92fabd28aadc996a12dc92c27af [3ms]
2024-01-07 15:55:59.915 [info] > git config --get commit.template [3ms]
2024-01-07 15:55:59.915 [info] > git for-each-ref --format=%(refname)%00%(upstream:short)%00%(objectname)%00%(upstream:track)%00%(upstream:remotename)%00%(upstream:remoteref) refs/heads/main refs/remotes/main [1ms]
2024-01-07 15:55:59.925 [info] > git status -z -uall [7ms]
2024-01-07 15:56:13.572 [info] > git config --get commit.template [3ms]
2024-01-07 15:56:13.573 [info] > git for-each-ref --format=%(refname)%00%(upstream:short)%00%(objectname)%00%(upstream:track)%00%(upstream:remotename)%00%(upstream:remoteref) refs/heads/main refs/remotes/main [1ms]
2024-01-07 15:56:13.583 [info] > git status -z -uall [8ms]
2024-01-07 15:57:13.575 [info] > git config --get commit.template [3ms]
2024-01-07 15:57:13.575 [info] > git for-each-ref --format=%(refname)%00%(upstream:short)%00%(objectname)%00%(upstream:track)%00%(upstream:remotename)%00%(upstream:remoteref) refs/heads/main refs/remotes/main [1ms]
2024-01-07 15:57:13.585 [info] > git status -z -uall [7ms]
