2024-01-07 09:35:25.271 [info] Log level: Info
2024-01-07 09:35:25.271 [info] Validating found git in: "git"
2024-01-07 09:35:25.297 [info] Using git "2.43.0" from "git"
2024-01-07 09:35:25.308 [info] > git rev-parse --show-toplevel [3ms]
2024-01-07 09:35:25.308 [info] fatal: not a git repository (or any parent up to mount point /)
Stopping at filesystem boundary (GIT_DISCOVERY_ACROSS_FILESYSTEM not set).
2024-01-07 09:35:25.315 [info] > git rev-parse --show-toplevel [2ms]
2024-01-07 09:35:25.315 [info] fatal: not a git repository (or any parent up to mount point /)
Stopping at filesystem boundary (GIT_DISCOVERY_ACROSS_FILESYSTEM not set).
2024-01-07 09:35:25.345 [info] > git rev-parse --show-toplevel [7ms]
2024-01-07 09:35:25.345 [info] fatal: not a git repository (or any parent up to mount point /)
Stopping at filesystem boundary (GIT_DISCOVERY_ACROSS_FILESYSTEM not set).
2024-01-07 09:35:25.354 [info] > git rev-parse --show-toplevel [4ms]
2024-01-07 09:35:25.354 [info] fatal: not a git repository (or any parent up to mount point /)
Stopping at filesystem boundary (GIT_DISCOVERY_ACROSS_FILESYSTEM not set).
2024-01-07 09:35:25.361 [info] > git rev-parse --show-toplevel [1ms]
2024-01-07 09:35:25.361 [info] fatal: not a git repository (or any parent up to mount point /)
Stopping at filesystem boundary (GIT_DISCOVERY_ACROSS_FILESYSTEM not set).
2024-01-07 09:35:25.365 [info] > git rev-parse --show-toplevel [0ms]
2024-01-07 09:35:25.365 [info] fatal: not a git repository (or any parent up to mount point /)
Stopping at filesystem boundary (GIT_DISCOVERY_ACROSS_FILESYSTEM not set).
2024-01-07 09:35:25.369 [info] > git rev-parse --show-toplevel [0ms]
2024-01-07 09:35:25.369 [info] fatal: not a git repository (or any parent up to mount point /)
Stopping at filesystem boundary (GIT_DISCOVERY_ACROSS_FILESYSTEM not set).
2024-01-07 09:35:25.373 [info] > git rev-parse --show-toplevel [1ms]
2024-01-07 09:35:25.373 [info] fatal: not a git repository (or any parent up to mount point /)
Stopping at filesystem boundary (GIT_DISCOVERY_ACROSS_FILESYSTEM not set).
2024-01-07 09:35:25.377 [info] > git rev-parse --show-toplevel [0ms]
2024-01-07 09:35:25.377 [info] fatal: not a git repository (or any parent up to mount point /)
Stopping at filesystem boundary (GIT_DISCOVERY_ACROSS_FILESYSTEM not set).
2024-01-07 09:35:25.382 [info] > git rev-parse --show-toplevel [0ms]
2024-01-07 09:35:25.382 [info] fatal: not a git repository (or any parent up to mount point /)
Stopping at filesystem boundary (GIT_DISCOVERY_ACROSS_FILESYSTEM not set).
2024-01-07 09:35:25.387 [info] > git rev-parse --show-toplevel [1ms]
2024-01-07 09:35:25.387 [info] fatal: not a git repository (or any parent up to mount point /)
Stopping at filesystem boundary (GIT_DISCOVERY_ACROSS_FILESYSTEM not set).
2024-01-07 09:35:25.391 [info] > git rev-parse --show-toplevel [0ms]
2024-01-07 09:35:25.391 [info] fatal: not a git repository (or any parent up to mount point /)
Stopping at filesystem boundary (GIT_DISCOVERY_ACROSS_FILESYSTEM not set).
2024-01-07 09:35:25.394 [info] > git rev-parse --show-toplevel [1ms]
2024-01-07 09:35:25.394 [info] fatal: not a git repository (or any parent up to mount point /)
Stopping at filesystem boundary (GIT_DISCOVERY_ACROSS_FILESYSTEM not set).
2024-01-07 09:35:25.398 [info] > git rev-parse --show-toplevel [1ms]
2024-01-07 09:35:25.398 [info] fatal: not a git repository (or any parent up to mount point /)
Stopping at filesystem boundary (GIT_DISCOVERY_ACROSS_FILESYSTEM not set).
2024-01-07 09:35:25.401 [info] > git rev-parse --show-toplevel [0ms]
2024-01-07 09:35:25.401 [info] fatal: not a git repository (or any parent up to mount point /)
Stopping at filesystem boundary (GIT_DISCOVERY_ACROSS_FILESYSTEM not set).
2024-01-07 09:35:25.405 [info] > git rev-parse --show-toplevel [1ms]
2024-01-07 09:35:25.405 [info] fatal: not a git repository (or any parent up to mount point /)
Stopping at filesystem boundary (GIT_DISCOVERY_ACROSS_FILESYSTEM not set).
2024-01-07 09:35:25.409 [info] > git rev-parse --show-toplevel [0ms]
2024-01-07 09:35:25.409 [info] fatal: not a git repository (or any parent up to mount point /)
Stopping at filesystem boundary (GIT_DISCOVERY_ACROSS_FILESYSTEM not set).
2024-01-07 09:35:25.412 [info] > git rev-parse --show-toplevel [0ms]
2024-01-07 09:35:25.413 [info] fatal: not a git repository (or any parent up to mount point /)
Stopping at filesystem boundary (GIT_DISCOVERY_ACROSS_FILESYSTEM not set).
2024-01-07 09:35:25.417 [info] > git rev-parse --show-toplevel [2ms]
2024-01-07 09:35:25.417 [info] fatal: not a git repository (or any parent up to mount point /)
Stopping at filesystem boundary (GIT_DISCOVERY_ACROSS_FILESYSTEM not set).
2024-01-07 09:35:25.422 [info] > git rev-parse --show-toplevel [1ms]
2024-01-07 09:35:25.422 [info] fatal: not a git repository (or any parent up to mount point /)
Stopping at filesystem boundary (GIT_DISCOVERY_ACROSS_FILESYSTEM not set).
2024-01-07 09:35:25.426 [info] > git rev-parse --show-toplevel [1ms]
2024-01-07 09:35:25.426 [info] fatal: not a git repository (or any parent up to mount point /)
Stopping at filesystem boundary (GIT_DISCOVERY_ACROSS_FILESYSTEM not set).
2024-01-07 09:35:25.430 [info] > git rev-parse --show-toplevel [1ms]
2024-01-07 09:35:25.430 [info] fatal: not a git repository (or any parent up to mount point /)
Stopping at filesystem boundary (GIT_DISCOVERY_ACROSS_FILESYSTEM not set).
2024-01-07 09:35:25.434 [info] > git rev-parse --show-toplevel [1ms]
2024-01-07 09:35:25.434 [info] fatal: not a git repository (or any parent up to mount point /)
Stopping at filesystem boundary (GIT_DISCOVERY_ACROSS_FILESYSTEM not set).
2024-01-07 09:35:25.438 [info] > git rev-parse --show-toplevel [0ms]
2024-01-07 09:35:25.438 [info] fatal: not a git repository (or any parent up to mount point /)
Stopping at filesystem boundary (GIT_DISCOVERY_ACROSS_FILESYSTEM not set).
2024-01-07 09:35:25.443 [info] > git rev-parse --show-toplevel [2ms]
2024-01-07 09:35:25.443 [info] fatal: not a git repository (or any parent up to mount point /)
Stopping at filesystem boundary (GIT_DISCOVERY_ACROSS_FILESYSTEM not set).
2024-01-07 09:35:25.448 [info] > git rev-parse --show-toplevel [1ms]
2024-01-07 09:35:25.448 [info] fatal: not a git repository (or any parent up to mount point /)
Stopping at filesystem boundary (GIT_DISCOVERY_ACROSS_FILESYSTEM not set).
2024-01-07 09:35:25.453 [info] > git rev-parse --show-toplevel [2ms]
2024-01-07 09:35:25.453 [info] fatal: not a git repository (or any parent up to mount point /)
Stopping at filesystem boundary (GIT_DISCOVERY_ACROSS_FILESYSTEM not set).
2024-01-07 09:35:25.456 [info] > git rev-parse --show-toplevel [0ms]
2024-01-07 09:35:25.456 [info] fatal: not a git repository (or any parent up to mount point /)
Stopping at filesystem boundary (GIT_DISCOVERY_ACROSS_FILESYSTEM not set).
2024-01-07 09:35:25.460 [info] > git rev-parse --show-toplevel [1ms]
2024-01-07 09:35:25.460 [info] fatal: not a git repository (or any parent up to mount point /)
Stopping at filesystem boundary (GIT_DISCOVERY_ACROSS_FILESYSTEM not set).
2024-01-07 09:35:25.463 [info] > git rev-parse --show-toplevel [0ms]
2024-01-07 09:35:25.463 [info] fatal: not a git repository (or any parent up to mount point /)
Stopping at filesystem boundary (GIT_DISCOVERY_ACROSS_FILESYSTEM not set).
2024-01-07 09:35:25.467 [info] > git rev-parse --show-toplevel [1ms]
2024-01-07 09:35:25.467 [info] fatal: not a git repository (or any parent up to mount point /)
Stopping at filesystem boundary (GIT_DISCOVERY_ACROSS_FILESYSTEM not set).
2024-01-07 09:35:25.472 [info] > git rev-parse --show-toplevel [1ms]
2024-01-07 09:35:25.476 [info] > git rev-parse --git-dir --git-common-dir [1ms]
2024-01-07 09:35:25.483 [info] Open repository: /home/thibault/tpdevs1
2024-01-07 09:35:25.496 [info] > git config --get commit.template [3ms]
2024-01-07 09:35:25.497 [info] > git rev-parse --show-toplevel [2ms]
2024-01-07 09:35:25.497 [info] fatal: not a git repository (or any parent up to mount point /)
Stopping at filesystem boundary (GIT_DISCOVERY_ACROSS_FILESYSTEM not set).
2024-01-07 09:35:25.504 [info] > git rev-parse --show-toplevel [1ms]
2024-01-07 09:35:25.504 [info] fatal: not a git repository (or any parent up to mount point /)
Stopping at filesystem boundary (GIT_DISCOVERY_ACROSS_FILESYSTEM not set).
2024-01-07 09:35:25.506 [info] > git for-each-ref --format=%(refname)%00%(upstream:short)%00%(objectname)%00%(upstream:track)%00%(upstream:remotename)%00%(upstream:remoteref) refs/heads/master refs/remotes/master [6ms]
2024-01-07 09:35:25.518 [info] > git status -z -uall [8ms]
2024-01-07 09:35:25.532 [info] > git config --get commit.template [2ms]
2024-01-07 09:35:25.538 [info] > git for-each-ref --format=%(refname)%00%(upstream:short)%00%(objectname)%00%(upstream:track)%00%(upstream:remotename)%00%(upstream:remoteref) refs/heads/master refs/remotes/master [3ms]
2024-01-07 09:35:25.542 [info] > git status -z -uall [1ms]
2024-01-07 09:35:25.557 [info] > git rev-parse --show-toplevel [1ms]
2024-01-07 09:35:25.557 [info] fatal: not a git repository (or any parent up to mount point /)
Stopping at filesystem boundary (GIT_DISCOVERY_ACROSS_FILESYSTEM not set).
2024-01-07 09:35:26.001 [info] > git check-ignore -v -z --stdin [1ms]
2024-01-07 09:35:31.082 [info] > git rev-parse --show-toplevel [0ms]
2024-01-07 09:35:31.082 [info] fatal: not a git repository (or any parent up to mount point /)
Stopping at filesystem boundary (GIT_DISCOVERY_ACROSS_FILESYSTEM not set).
2024-01-07 09:35:34.374 [info] > git rev-parse --show-toplevel [0ms]
2024-01-07 09:35:34.374 [info] fatal: not a git repository (or any parent up to mount point /)
Stopping at filesystem boundary (GIT_DISCOVERY_ACROSS_FILESYSTEM not set).
2024-01-07 09:35:37.658 [info] > git rev-parse --show-toplevel [1ms]
2024-01-07 09:35:37.659 [info] fatal: not a git repository (or any parent up to mount point /)
Stopping at filesystem boundary (GIT_DISCOVERY_ACROSS_FILESYSTEM not set).
2024-01-07 09:36:22.545 [info] > git rev-parse --show-toplevel [1ms]
2024-01-07 09:36:22.545 [info] fatal: not a git repository (or any parent up to mount point /)
Stopping at filesystem boundary (GIT_DISCOVERY_ACROSS_FILESYSTEM not set).
2024-01-07 09:42:12.451 [info] > git rev-parse --show-toplevel [1ms]
2024-01-07 09:42:12.451 [info] fatal: not a git repository (or any parent up to mount point /)
Stopping at filesystem boundary (GIT_DISCOVERY_ACROSS_FILESYSTEM not set).
2024-01-07 09:42:36.200 [info] > git rev-parse --show-toplevel [1ms]
2024-01-07 09:42:36.200 [info] fatal: not a git repository (or any parent up to mount point /)
Stopping at filesystem boundary (GIT_DISCOVERY_ACROSS_FILESYSTEM not set).
2024-01-07 09:46:38.016 [info] > git rev-parse --show-toplevel [0ms]
2024-01-07 09:46:38.016 [info] fatal: not a git repository (or any parent up to mount point /)
Stopping at filesystem boundary (GIT_DISCOVERY_ACROSS_FILESYSTEM not set).
2024-01-07 09:46:53.397 [info] > git rev-parse --show-toplevel [1ms]
2024-01-07 09:46:53.397 [info] fatal: not a git repository (or any parent up to mount point /)
Stopping at filesystem boundary (GIT_DISCOVERY_ACROSS_FILESYSTEM not set).
2024-01-07 09:47:15.968 [info] > git rev-parse --show-toplevel [0ms]
2024-01-07 09:47:15.968 [info] fatal: not a git repository (or any parent up to mount point /)
Stopping at filesystem boundary (GIT_DISCOVERY_ACROSS_FILESYSTEM not set).
2024-01-07 10:06:00.147 [info] > git rev-parse --show-toplevel [1ms]
2024-01-07 10:06:00.147 [info] fatal: not a git repository (or any parent up to mount point /)
Stopping at filesystem boundary (GIT_DISCOVERY_ACROSS_FILESYSTEM not set).
2024-01-07 10:06:02.909 [info] > git rev-parse --show-toplevel [1ms]
2024-01-07 10:06:02.909 [info] fatal: not a git repository (or any parent up to mount point /)
Stopping at filesystem boundary (GIT_DISCOVERY_ACROSS_FILESYSTEM not set).
2024-01-07 10:06:30.479 [info] > git rev-parse --show-toplevel [0ms]
2024-01-07 10:06:30.479 [info] fatal: not a git repository (or any parent up to mount point /)
Stopping at filesystem boundary (GIT_DISCOVERY_ACROSS_FILESYSTEM not set).
2024-01-07 10:09:16.188 [info] > git rev-parse --show-toplevel [2ms]
2024-01-07 10:09:16.188 [info] fatal: not a git repository (or any parent up to mount point /)
Stopping at filesystem boundary (GIT_DISCOVERY_ACROSS_FILESYSTEM not set).
2024-01-07 10:09:26.198 [info] > git rev-parse --show-toplevel [1ms]
2024-01-07 10:09:26.198 [info] fatal: not a git repository (or any parent up to mount point /)
Stopping at filesystem boundary (GIT_DISCOVERY_ACROSS_FILESYSTEM not set).
2024-01-07 10:09:35.398 [info] > git rev-parse --show-toplevel [1ms]
2024-01-07 10:09:35.398 [info] fatal: not a git repository (or any parent up to mount point /)
Stopping at filesystem boundary (GIT_DISCOVERY_ACROSS_FILESYSTEM not set).
2024-01-07 10:10:23.789 [info] > git rev-parse --show-toplevel [5ms]
2024-01-07 10:10:23.790 [info] fatal: not a git repository (or any parent up to mount point /)
Stopping at filesystem boundary (GIT_DISCOVERY_ACROSS_FILESYSTEM not set).
2024-01-07 10:13:18.517 [info] > git rev-parse --show-toplevel [1ms]
2024-01-07 10:13:18.517 [info] fatal: not a git repository (or any parent up to mount point /)
Stopping at filesystem boundary (GIT_DISCOVERY_ACROSS_FILESYSTEM not set).
2024-01-07 10:14:18.240 [info] > git rev-parse --show-toplevel [0ms]
2024-01-07 10:14:18.240 [info] fatal: not a git repository (or any parent up to mount point /)
Stopping at filesystem boundary (GIT_DISCOVERY_ACROSS_FILESYSTEM not set).
2024-01-07 10:18:59.951 [info] > git rev-parse --show-toplevel [1ms]
2024-01-07 10:18:59.951 [info] fatal: not a git repository (or any parent up to mount point /)
Stopping at filesystem boundary (GIT_DISCOVERY_ACROSS_FILESYSTEM not set).
2024-01-07 10:19:10.322 [info] > git rev-parse --show-toplevel [0ms]
2024-01-07 10:19:10.322 [info] fatal: not a git repository (or any parent up to mount point /)
Stopping at filesystem boundary (GIT_DISCOVERY_ACROSS_FILESYSTEM not set).
