2024-01-06 17:48:57.574 [info] Log level: Info
2024-01-06 17:48:57.574 [info] Validating found git in: "git"
2024-01-06 17:48:57.574 [info] Using git "2.43.0" from "git"
2024-01-06 17:48:57.574 [info] > git rev-parse --show-toplevel [4ms]
2024-01-06 17:48:57.574 [info] fatal: not a git repository (or any parent up to mount point /)
Stopping at filesystem boundary (GIT_DISCOVERY_ACROSS_FILESYSTEM not set).
2024-01-06 17:48:57.574 [info] > git rev-parse --show-toplevel [22ms]
2024-01-06 17:48:57.574 [info] fatal: not a git repository (or any parent up to mount point /)
Stopping at filesystem boundary (GIT_DISCOVERY_ACROSS_FILESYSTEM not set).
2024-01-06 17:48:57.574 [info] > git rev-parse --show-toplevel [2ms]
2024-01-06 17:48:57.574 [info] fatal: not a git repository (or any parent up to mount point /)
Stopping at filesystem boundary (GIT_DISCOVERY_ACROSS_FILESYSTEM not set).
2024-01-06 17:48:57.582 [info] > git rev-parse --show-toplevel [3ms]
2024-01-06 17:48:57.582 [info] fatal: not a git repository (or any parent up to mount point /)
Stopping at filesystem boundary (GIT_DISCOVERY_ACROSS_FILESYSTEM not set).
2024-01-06 17:48:57.587 [info] > git rev-parse --show-toplevel [1ms]
2024-01-06 17:48:57.587 [info] fatal: not a git repository (or any parent up to mount point /)
Stopping at filesystem boundary (GIT_DISCOVERY_ACROSS_FILESYSTEM not set).
2024-01-06 17:48:57.592 [info] > git rev-parse --show-toplevel [1ms]
2024-01-06 17:48:57.592 [info] fatal: not a git repository (or any parent up to mount point /)
Stopping at filesystem boundary (GIT_DISCOVERY_ACROSS_FILESYSTEM not set).
2024-01-06 17:48:57.599 [info] > git rev-parse --show-toplevel [1ms]
2024-01-06 17:48:57.599 [info] fatal: not a git repository (or any parent up to mount point /)
Stopping at filesystem boundary (GIT_DISCOVERY_ACROSS_FILESYSTEM not set).
2024-01-06 17:48:57.603 [info] > git rev-parse --show-toplevel [1ms]
2024-01-06 17:48:57.603 [info] fatal: not a git repository (or any parent up to mount point /)
Stopping at filesystem boundary (GIT_DISCOVERY_ACROSS_FILESYSTEM not set).
2024-01-06 17:48:57.611 [info] > git rev-parse --show-toplevel [5ms]
2024-01-06 17:48:57.611 [info] fatal: not a git repository (or any parent up to mount point /)
Stopping at filesystem boundary (GIT_DISCOVERY_ACROSS_FILESYSTEM not set).
2024-01-06 17:48:57.616 [info] > git rev-parse --show-toplevel [1ms]
2024-01-06 17:48:57.616 [info] fatal: not a git repository (or any parent up to mount point /)
Stopping at filesystem boundary (GIT_DISCOVERY_ACROSS_FILESYSTEM not set).
2024-01-06 17:48:57.620 [info] > git rev-parse --show-toplevel [0ms]
2024-01-06 17:48:57.620 [info] fatal: not a git repository (or any parent up to mount point /)
Stopping at filesystem boundary (GIT_DISCOVERY_ACROSS_FILESYSTEM not set).
2024-01-06 17:48:57.624 [info] > git rev-parse --show-toplevel [0ms]
2024-01-06 17:48:57.624 [info] fatal: not a git repository (or any parent up to mount point /)
Stopping at filesystem boundary (GIT_DISCOVERY_ACROSS_FILESYSTEM not set).
2024-01-06 17:48:57.628 [info] > git rev-parse --show-toplevel [1ms]
2024-01-06 17:48:57.628 [info] fatal: not a git repository (or any parent up to mount point /)
Stopping at filesystem boundary (GIT_DISCOVERY_ACROSS_FILESYSTEM not set).
2024-01-06 17:48:57.632 [info] > git rev-parse --show-toplevel [0ms]
2024-01-06 17:48:57.632 [info] fatal: not a git repository (or any parent up to mount point /)
Stopping at filesystem boundary (GIT_DISCOVERY_ACROSS_FILESYSTEM not set).
2024-01-06 17:48:57.637 [info] > git rev-parse --show-toplevel [1ms]
2024-01-06 17:48:57.637 [info] fatal: not a git repository (or any parent up to mount point /)
Stopping at filesystem boundary (GIT_DISCOVERY_ACROSS_FILESYSTEM not set).
2024-01-06 17:48:57.640 [info] > git rev-parse --show-toplevel [0ms]
2024-01-06 17:48:57.640 [info] fatal: not a git repository (or any parent up to mount point /)
Stopping at filesystem boundary (GIT_DISCOVERY_ACROSS_FILESYSTEM not set).
2024-01-06 17:48:57.644 [info] > git rev-parse --show-toplevel [1ms]
2024-01-06 17:48:57.644 [info] fatal: not a git repository (or any parent up to mount point /)
Stopping at filesystem boundary (GIT_DISCOVERY_ACROSS_FILESYSTEM not set).
2024-01-06 17:48:57.648 [info] > git rev-parse --show-toplevel [1ms]
2024-01-06 17:48:57.648 [info] fatal: not a git repository (or any parent up to mount point /)
Stopping at filesystem boundary (GIT_DISCOVERY_ACROSS_FILESYSTEM not set).
2024-01-06 17:48:57.653 [info] > git rev-parse --show-toplevel [1ms]
2024-01-06 17:48:57.653 [info] fatal: not a git repository (or any parent up to mount point /)
Stopping at filesystem boundary (GIT_DISCOVERY_ACROSS_FILESYSTEM not set).
2024-01-06 17:48:57.657 [info] > git rev-parse --show-toplevel [0ms]
2024-01-06 17:48:57.657 [info] fatal: not a git repository (or any parent up to mount point /)
Stopping at filesystem boundary (GIT_DISCOVERY_ACROSS_FILESYSTEM not set).
2024-01-06 17:48:57.661 [info] > git rev-parse --show-toplevel [1ms]
2024-01-06 17:48:57.661 [info] fatal: not a git repository (or any parent up to mount point /)
Stopping at filesystem boundary (GIT_DISCOVERY_ACROSS_FILESYSTEM not set).
2024-01-06 17:48:57.665 [info] > git rev-parse --show-toplevel [1ms]
2024-01-06 17:48:57.665 [info] fatal: not a git repository (or any parent up to mount point /)
Stopping at filesystem boundary (GIT_DISCOVERY_ACROSS_FILESYSTEM not set).
2024-01-06 17:48:57.669 [info] > git rev-parse --show-toplevel [1ms]
2024-01-06 17:48:57.669 [info] fatal: not a git repository (or any parent up to mount point /)
Stopping at filesystem boundary (GIT_DISCOVERY_ACROSS_FILESYSTEM not set).
2024-01-06 17:48:57.677 [info] > git rev-parse --show-toplevel [4ms]
2024-01-06 17:48:57.677 [info] fatal: not a git repository (or any parent up to mount point /)
Stopping at filesystem boundary (GIT_DISCOVERY_ACROSS_FILESYSTEM not set).
2024-01-06 17:48:57.682 [info] > git rev-parse --show-toplevel [1ms]
2024-01-06 17:48:57.682 [info] fatal: not a git repository (or any parent up to mount point /)
Stopping at filesystem boundary (GIT_DISCOVERY_ACROSS_FILESYSTEM not set).
2024-01-06 17:48:57.686 [info] > git rev-parse --show-toplevel [1ms]
2024-01-06 17:48:57.686 [info] fatal: not a git repository (or any parent up to mount point /)
Stopping at filesystem boundary (GIT_DISCOVERY_ACROSS_FILESYSTEM not set).
2024-01-06 17:48:57.690 [info] > git rev-parse --show-toplevel [1ms]
2024-01-06 17:48:57.690 [info] fatal: not a git repository (or any parent up to mount point /)
Stopping at filesystem boundary (GIT_DISCOVERY_ACROSS_FILESYSTEM not set).
2024-01-06 17:48:57.693 [info] > git rev-parse --show-toplevel [0ms]
2024-01-06 17:48:57.693 [info] fatal: not a git repository (or any parent up to mount point /)
Stopping at filesystem boundary (GIT_DISCOVERY_ACROSS_FILESYSTEM not set).
2024-01-06 17:48:57.697 [info] > git rev-parse --show-toplevel [1ms]
2024-01-06 17:48:57.697 [info] fatal: not a git repository (or any parent up to mount point /)
Stopping at filesystem boundary (GIT_DISCOVERY_ACROSS_FILESYSTEM not set).
2024-01-06 17:48:57.701 [info] > git rev-parse --show-toplevel [0ms]
2024-01-06 17:48:57.701 [info] fatal: not a git repository (or any parent up to mount point /)
Stopping at filesystem boundary (GIT_DISCOVERY_ACROSS_FILESYSTEM not set).
2024-01-06 17:48:57.705 [info] > git rev-parse --show-toplevel [1ms]
2024-01-06 17:48:57.705 [info] fatal: not a git repository (or any parent up to mount point /)
Stopping at filesystem boundary (GIT_DISCOVERY_ACROSS_FILESYSTEM not set).
2024-01-06 17:48:57.708 [info] > git rev-parse --show-toplevel [1ms]
2024-01-06 17:48:57.708 [info] fatal: not a git repository (or any parent up to mount point /)
Stopping at filesystem boundary (GIT_DISCOVERY_ACROSS_FILESYSTEM not set).
2024-01-06 17:48:57.712 [info] > git rev-parse --show-toplevel [0ms]
2024-01-06 17:48:57.716 [info] > git rev-parse --git-dir --git-common-dir [1ms]
2024-01-06 17:48:57.723 [info] Open repository: /home/thibault/tpdevs1
2024-01-06 17:48:57.732 [info] > git rev-parse --show-toplevel [2ms]
2024-01-06 17:48:57.732 [info] fatal: not a git repository (or any parent up to mount point /)
Stopping at filesystem boundary (GIT_DISCOVERY_ACROSS_FILESYSTEM not set).
2024-01-06 17:48:57.732 [info] > git config --get commit.template [5ms]
2024-01-06 17:48:57.741 [info] > git for-each-ref --format=%(refname)%00%(upstream:short)%00%(objectname)%00%(upstream:track)%00%(upstream:remotename)%00%(upstream:remoteref) refs/heads/master refs/remotes/master [1ms]
2024-01-06 17:48:57.741 [info] > git rev-parse --show-toplevel [5ms]
2024-01-06 17:48:57.741 [info] fatal: not a git repository (or any parent up to mount point /)
Stopping at filesystem boundary (GIT_DISCOVERY_ACROSS_FILESYSTEM not set).
2024-01-06 17:48:57.748 [info] > git rev-parse --show-toplevel [4ms]
2024-01-06 17:48:57.748 [info] fatal: not a git repository (or any parent up to mount point /)
Stopping at filesystem boundary (GIT_DISCOVERY_ACROSS_FILESYSTEM not set).
2024-01-06 17:48:57.750 [info] > git status -z -uall [2ms]
2024-01-06 17:48:57.760 [info] > git config --get commit.template [1ms]
2024-01-06 17:48:57.766 [info] > git for-each-ref --format=%(refname)%00%(upstream:short)%00%(objectname)%00%(upstream:track)%00%(upstream:remotename)%00%(upstream:remoteref) refs/heads/master refs/remotes/master [2ms]
2024-01-06 17:48:57.771 [info] > git status -z -uall [1ms]
2024-01-06 17:49:04.863 [info] > git rev-parse --show-toplevel [1ms]
2024-01-06 17:49:04.864 [info] fatal: not a git repository (or any parent up to mount point /)
Stopping at filesystem boundary (GIT_DISCOVERY_ACROSS_FILESYSTEM not set).
2024-01-06 17:49:07.354 [info] > git rev-parse --show-toplevel [1ms]
2024-01-06 17:49:07.354 [info] fatal: not a git repository (or any parent up to mount point /)
Stopping at filesystem boundary (GIT_DISCOVERY_ACROSS_FILESYSTEM not set).
