2024-01-06 20:44:19.689 [info] Log level: Info
2024-01-06 20:44:19.689 [info] Validating found git in: "git"
2024-01-06 20:44:19.709 [info] Using git "2.43.0" from "git"
2024-01-06 20:44:19.720 [info] > git rev-parse --show-toplevel [3ms]
2024-01-06 20:44:19.720 [info] fatal: not a git repository (or any parent up to mount point /)
Stopping at filesystem boundary (GIT_DISCOVERY_ACROSS_FILESYSTEM not set).
2024-01-06 20:44:19.743 [info] > git rev-parse --show-toplevel [17ms]
2024-01-06 20:44:19.743 [info] fatal: not a git repository (or any parent up to mount point /)
Stopping at filesystem boundary (GIT_DISCOVERY_ACROSS_FILESYSTEM not set).
2024-01-06 20:44:19.755 [info] > git rev-parse --show-toplevel [2ms]
2024-01-06 20:44:19.755 [info] fatal: not a git repository (or any parent up to mount point /)
Stopping at filesystem boundary (GIT_DISCOVERY_ACROSS_FILESYSTEM not set).
2024-01-06 20:44:19.759 [info] > git rev-parse --show-toplevel [1ms]
2024-01-06 20:44:19.759 [info] fatal: not a git repository (or any parent up to mount point /)
Stopping at filesystem boundary (GIT_DISCOVERY_ACROSS_FILESYSTEM not set).
2024-01-06 20:44:19.763 [info] > git rev-parse --show-toplevel [1ms]
2024-01-06 20:44:19.763 [info] fatal: not a git repository (or any parent up to mount point /)
Stopping at filesystem boundary (GIT_DISCOVERY_ACROSS_FILESYSTEM not set).
2024-01-06 20:44:19.770 [info] > git rev-parse --show-toplevel [1ms]
2024-01-06 20:44:19.770 [info] fatal: not a git repository (or any parent up to mount point /)
Stopping at filesystem boundary (GIT_DISCOVERY_ACROSS_FILESYSTEM not set).
2024-01-06 20:44:19.774 [info] > git rev-parse --show-toplevel [1ms]
2024-01-06 20:44:19.774 [info] fatal: not a git repository (or any parent up to mount point /)
Stopping at filesystem boundary (GIT_DISCOVERY_ACROSS_FILESYSTEM not set).
2024-01-06 20:44:19.777 [info] > git rev-parse --show-toplevel [0ms]
2024-01-06 20:44:19.777 [info] fatal: not a git repository (or any parent up to mount point /)
Stopping at filesystem boundary (GIT_DISCOVERY_ACROSS_FILESYSTEM not set).
2024-01-06 20:44:19.781 [info] > git rev-parse --show-toplevel [1ms]
2024-01-06 20:44:19.781 [info] fatal: not a git repository (or any parent up to mount point /)
Stopping at filesystem boundary (GIT_DISCOVERY_ACROSS_FILESYSTEM not set).
2024-01-06 20:44:19.784 [info] > git rev-parse --show-toplevel [0ms]
2024-01-06 20:44:19.784 [info] fatal: not a git repository (or any parent up to mount point /)
Stopping at filesystem boundary (GIT_DISCOVERY_ACROSS_FILESYSTEM not set).
2024-01-06 20:44:19.788 [info] > git rev-parse --show-toplevel [1ms]
2024-01-06 20:44:19.788 [info] fatal: not a git repository (or any parent up to mount point /)
Stopping at filesystem boundary (GIT_DISCOVERY_ACROSS_FILESYSTEM not set).
2024-01-06 20:44:19.792 [info] > git rev-parse --show-toplevel [1ms]
2024-01-06 20:44:19.792 [info] fatal: not a git repository (or any parent up to mount point /)
Stopping at filesystem boundary (GIT_DISCOVERY_ACROSS_FILESYSTEM not set).
2024-01-06 20:44:19.795 [info] > git rev-parse --show-toplevel [0ms]
2024-01-06 20:44:19.795 [info] fatal: not a git repository (or any parent up to mount point /)
Stopping at filesystem boundary (GIT_DISCOVERY_ACROSS_FILESYSTEM not set).
2024-01-06 20:44:19.799 [info] > git rev-parse --show-toplevel [1ms]
2024-01-06 20:44:19.799 [info] fatal: not a git repository (or any parent up to mount point /)
Stopping at filesystem boundary (GIT_DISCOVERY_ACROSS_FILESYSTEM not set).
2024-01-06 20:44:19.802 [info] > git rev-parse --show-toplevel [0ms]
2024-01-06 20:44:19.802 [info] fatal: not a git repository (or any parent up to mount point /)
Stopping at filesystem boundary (GIT_DISCOVERY_ACROSS_FILESYSTEM not set).
2024-01-06 20:44:19.806 [info] > git rev-parse --show-toplevel [1ms]
2024-01-06 20:44:19.806 [info] fatal: not a git repository (or any parent up to mount point /)
Stopping at filesystem boundary (GIT_DISCOVERY_ACROSS_FILESYSTEM not set).
2024-01-06 20:44:19.809 [info] > git rev-parse --show-toplevel [1ms]
2024-01-06 20:44:19.809 [info] fatal: not a git repository (or any parent up to mount point /)
Stopping at filesystem boundary (GIT_DISCOVERY_ACROSS_FILESYSTEM not set).
2024-01-06 20:44:19.813 [info] > git rev-parse --show-toplevel [1ms]
2024-01-06 20:44:19.813 [info] fatal: not a git repository (or any parent up to mount point /)
Stopping at filesystem boundary (GIT_DISCOVERY_ACROSS_FILESYSTEM not set).
2024-01-06 20:44:19.816 [info] > git rev-parse --show-toplevel [1ms]
2024-01-06 20:44:19.816 [info] fatal: not a git repository (or any parent up to mount point /)
Stopping at filesystem boundary (GIT_DISCOVERY_ACROSS_FILESYSTEM not set).
2024-01-06 20:44:19.820 [info] > git rev-parse --show-toplevel [1ms]
2024-01-06 20:44:19.820 [info] fatal: not a git repository (or any parent up to mount point /)
Stopping at filesystem boundary (GIT_DISCOVERY_ACROSS_FILESYSTEM not set).
2024-01-06 20:44:19.823 [info] > git rev-parse --show-toplevel [0ms]
2024-01-06 20:44:19.823 [info] fatal: not a git repository (or any parent up to mount point /)
Stopping at filesystem boundary (GIT_DISCOVERY_ACROSS_FILESYSTEM not set).
2024-01-06 20:44:19.827 [info] > git rev-parse --show-toplevel [1ms]
2024-01-06 20:44:19.827 [info] fatal: not a git repository (or any parent up to mount point /)
Stopping at filesystem boundary (GIT_DISCOVERY_ACROSS_FILESYSTEM not set).
2024-01-06 20:44:19.830 [info] > git rev-parse --show-toplevel [1ms]
2024-01-06 20:44:19.830 [info] fatal: not a git repository (or any parent up to mount point /)
Stopping at filesystem boundary (GIT_DISCOVERY_ACROSS_FILESYSTEM not set).
2024-01-06 20:44:19.835 [info] > git rev-parse --show-toplevel [2ms]
2024-01-06 20:44:19.835 [info] fatal: not a git repository (or any parent up to mount point /)
Stopping at filesystem boundary (GIT_DISCOVERY_ACROSS_FILESYSTEM not set).
2024-01-06 20:44:19.839 [info] > git rev-parse --show-toplevel [1ms]
2024-01-06 20:44:19.839 [info] fatal: not a git repository (or any parent up to mount point /)
Stopping at filesystem boundary (GIT_DISCOVERY_ACROSS_FILESYSTEM not set).
2024-01-06 20:44:19.844 [info] > git rev-parse --show-toplevel [2ms]
2024-01-06 20:44:19.844 [info] fatal: not a git repository (or any parent up to mount point /)
Stopping at filesystem boundary (GIT_DISCOVERY_ACROSS_FILESYSTEM not set).
2024-01-06 20:44:19.848 [info] > git rev-parse --show-toplevel [1ms]
2024-01-06 20:44:19.848 [info] fatal: not a git repository (or any parent up to mount point /)
Stopping at filesystem boundary (GIT_DISCOVERY_ACROSS_FILESYSTEM not set).
2024-01-06 20:44:19.851 [info] > git rev-parse --show-toplevel [1ms]
2024-01-06 20:44:19.851 [info] fatal: not a git repository (or any parent up to mount point /)
Stopping at filesystem boundary (GIT_DISCOVERY_ACROSS_FILESYSTEM not set).
2024-01-06 20:44:19.855 [info] > git rev-parse --show-toplevel [0ms]
2024-01-06 20:44:19.855 [info] fatal: not a git repository (or any parent up to mount point /)
Stopping at filesystem boundary (GIT_DISCOVERY_ACROSS_FILESYSTEM not set).
2024-01-06 20:44:19.858 [info] > git rev-parse --show-toplevel [1ms]
2024-01-06 20:44:19.858 [info] fatal: not a git repository (or any parent up to mount point /)
Stopping at filesystem boundary (GIT_DISCOVERY_ACROSS_FILESYSTEM not set).
2024-01-06 20:44:19.862 [info] > git rev-parse --show-toplevel [0ms]
2024-01-06 20:44:19.862 [info] fatal: not a git repository (or any parent up to mount point /)
Stopping at filesystem boundary (GIT_DISCOVERY_ACROSS_FILESYSTEM not set).
2024-01-06 20:44:19.866 [info] > git rev-parse --show-toplevel [2ms]
2024-01-06 20:44:19.870 [info] > git rev-parse --git-dir --git-common-dir [1ms]
2024-01-06 20:44:19.877 [info] Open repository: /home/thibault/tpdevs1
2024-01-06 20:44:19.885 [info] > git rev-parse --show-toplevel [1ms]
2024-01-06 20:44:19.885 [info] fatal: not a git repository (or any parent up to mount point /)
Stopping at filesystem boundary (GIT_DISCOVERY_ACROSS_FILESYSTEM not set).
2024-01-06 20:44:19.886 [info] > git config --get commit.template [5ms]
2024-01-06 20:44:19.894 [info] > git rev-parse --show-toplevel [5ms]
2024-01-06 20:44:19.894 [info] fatal: not a git repository (or any parent up to mount point /)
Stopping at filesystem boundary (GIT_DISCOVERY_ACROSS_FILESYSTEM not set).
2024-01-06 20:44:19.904 [info] > git for-each-ref --format=%(refname)%00%(upstream:short)%00%(objectname)%00%(upstream:track)%00%(upstream:remotename)%00%(upstream:remoteref) refs/heads/master refs/remotes/master [11ms]
2024-01-06 20:44:19.904 [info] > git rev-parse --show-toplevel [1ms]
2024-01-06 20:44:19.904 [info] fatal: not a git repository (or any parent up to mount point /)
Stopping at filesystem boundary (GIT_DISCOVERY_ACROSS_FILESYSTEM not set).
2024-01-06 20:44:19.915 [info] > git status -z -uall [7ms]
2024-01-06 20:44:19.926 [info] > git config --get commit.template [1ms]
2024-01-06 20:44:19.931 [info] > git for-each-ref --format=%(refname)%00%(upstream:short)%00%(objectname)%00%(upstream:track)%00%(upstream:remotename)%00%(upstream:remoteref) refs/heads/master refs/remotes/master [2ms]
2024-01-06 20:44:19.935 [info] > git status -z -uall [1ms]
