2024-01-07 15:23:51.731 [info] Log level: Info
2024-01-07 15:23:51.731 [info] Validating found git in: "git"
2024-01-07 15:23:51.731 [info] Using git "2.43.0" from "git"
2024-01-07 15:23:51.731 [info] > git rev-parse --show-toplevel [2ms]
2024-01-07 15:24:00.796 [info] Log level: Info
2024-01-07 15:24:00.796 [info] Validating found git in: "git"
2024-01-07 15:24:00.796 [info] Using git "2.43.0" from "git"
2024-01-07 15:24:00.796 [info] > git rev-parse --show-toplevel [5ms]
2024-01-07 15:24:00.799 [info] > git rev-parse --git-dir --git-common-dir [0ms]
2024-01-07 15:24:00.807 [info] Open repository: /home/thibault/.dotfiles
2024-01-07 15:24:00.817 [info] > git rev-parse --show-toplevel [2ms]
2024-01-07 15:24:00.817 [info] > git config --get commit.template [5ms]
2024-01-07 15:24:00.824 [info] > git rev-parse --show-toplevel [4ms]
2024-01-07 15:24:00.825 [info] > git for-each-ref --format=%(refname)%00%(upstream:short)%00%(objectname)%00%(upstream:track)%00%(upstream:remotename)%00%(upstream:remoteref) refs/heads/main refs/remotes/main [2ms]
2024-01-07 15:24:00.838 [info] > git status -z -uall [9ms]
2024-01-07 15:24:00.850 [info] > git config --get commit.template [1ms]
2024-01-07 15:24:00.895 [info] > git for-each-ref --format=%(refname)%00%(upstream:short)%00%(objectname)%00%(upstream:track)%00%(upstream:remotename)%00%(upstream:remoteref) refs/heads/main refs/remotes/main [4ms]
2024-01-07 15:24:00.917 [info] > git status -z -uall [17ms]
2024-01-07 15:24:01.336 [info] > git check-ignore -v -z --stdin [4ms]
2024-01-07 15:24:04.077 [info] > git config --get commit.template [3ms]
2024-01-07 15:24:04.078 [info] > git for-each-ref --format=%(refname)%00%(upstream:short)%00%(objectname)%00%(upstream:track)%00%(upstream:remotename)%00%(upstream:remoteref) refs/heads/main refs/remotes/main [1ms]
2024-01-07 15:24:04.090 [info] > git status -z -uall [9ms]
2024-01-07 15:24:06.408 [info] > git check-ignore -v -z --stdin [1ms]
2024-01-07 15:24:08.996 [info] > git check-ignore -v -z --stdin [2ms]
2024-01-07 15:24:09.106 [info] > git config --get commit.template [4ms]
2024-01-07 15:24:09.107 [info] > git for-each-ref --format=%(refname)%00%(upstream:short)%00%(objectname)%00%(upstream:track)%00%(upstream:remotename)%00%(upstream:remoteref) refs/heads/main refs/remotes/main [0ms]
2024-01-07 15:24:09.122 [info] > git status -z -uall [12ms]
2024-01-07 15:24:14.135 [info] > git config --get commit.template [3ms]
2024-01-07 15:24:14.136 [info] > git for-each-ref --format=%(refname)%00%(upstream:short)%00%(objectname)%00%(upstream:track)%00%(upstream:remotename)%00%(upstream:remoteref) refs/heads/main refs/remotes/main [1ms]
2024-01-07 15:24:14.148 [info] > git status -z -uall [9ms]
2024-01-07 15:24:22.589 [info] > git config --get commit.template [3ms]
2024-01-07 15:24:22.589 [info] > git for-each-ref --format=%(refname)%00%(upstream:short)%00%(objectname)%00%(upstream:track)%00%(upstream:remotename)%00%(upstream:remoteref) refs/heads/main refs/remotes/main [0ms]
2024-01-07 15:24:22.604 [info] > git status -z -uall [11ms]
2024-01-07 15:24:47.108 [info] > git show --textconv :install.sh [17ms]
2024-01-07 15:24:47.112 [info] > git ls-files --stage -- /home/thibault/.dotfiles/install.sh [5ms]
2024-01-07 15:24:47.128 [info] > git cat-file -s f6c7f6d13989184538ac108ad851beda9e3015aa [4ms]
2024-01-07 15:24:48.445 [info] > git config --get commit.template [2ms]
2024-01-07 15:24:48.453 [info] > git for-each-ref --format=%(refname)%00%(upstream:short)%00%(objectname)%00%(upstream:track)%00%(upstream:remotename)%00%(upstream:remoteref) refs/heads/main refs/remotes/main [1ms]
2024-01-07 15:24:48.472 [info] > git status -z -uall [13ms]
2024-01-07 15:24:53.511 [info] > git config --get commit.template [15ms]
2024-01-07 15:24:53.512 [info] > git for-each-ref --format=%(refname)%00%(upstream:short)%00%(objectname)%00%(upstream:track)%00%(upstream:remotename)%00%(upstream:remoteref) refs/heads/main refs/remotes/main [3ms]
2024-01-07 15:24:53.568 [info] > git status -z -uall [42ms]
2024-01-07 15:24:59.385 [info] > git config --get commit.template [14ms]
2024-01-07 15:24:59.385 [info] > git for-each-ref --format=%(refname)%00%(upstream:short)%00%(objectname)%00%(upstream:track)%00%(upstream:remotename)%00%(upstream:remoteref) refs/heads/main refs/remotes/main [1ms]
2024-01-07 15:24:59.398 [info] > git status -z -uall [9ms]
2024-01-07 15:25:04.415 [info] > git config --get commit.template [4ms]
2024-01-07 15:25:04.415 [info] > git for-each-ref --format=%(refname)%00%(upstream:short)%00%(objectname)%00%(upstream:track)%00%(upstream:remotename)%00%(upstream:remoteref) refs/heads/main refs/remotes/main [1ms]
2024-01-07 15:25:04.431 [info] > git status -z -uall [12ms]
2024-01-07 15:25:09.448 [info] > git config --get commit.template [4ms]
2024-01-07 15:25:09.448 [info] > git for-each-ref --format=%(refname)%00%(upstream:short)%00%(objectname)%00%(upstream:track)%00%(upstream:remotename)%00%(upstream:remoteref) refs/heads/main refs/remotes/main [1ms]
2024-01-07 15:25:09.463 [info] > git status -z -uall [12ms]
2024-01-07 15:25:14.479 [info] > git config --get commit.template [3ms]
2024-01-07 15:25:14.479 [info] > git for-each-ref --format=%(refname)%00%(upstream:short)%00%(objectname)%00%(upstream:track)%00%(upstream:remotename)%00%(upstream:remoteref) refs/heads/main refs/remotes/main [0ms]
2024-01-07 15:25:14.494 [info] > git status -z -uall [11ms]
2024-01-07 15:25:19.511 [info] > git config --get commit.template [4ms]
2024-01-07 15:25:19.511 [info] > git for-each-ref --format=%(refname)%00%(upstream:short)%00%(objectname)%00%(upstream:track)%00%(upstream:remotename)%00%(upstream:remoteref) refs/heads/main refs/remotes/main [0ms]
2024-01-07 15:25:19.526 [info] > git status -z -uall [11ms]
2024-01-07 15:25:32.816 [info] > git config --get commit.template [0ms]
2024-01-07 15:25:32.820 [info] > git for-each-ref --format=%(refname)%00%(upstream:short)%00%(objectname)%00%(upstream:track)%00%(upstream:remotename)%00%(upstream:remoteref) refs/heads/main refs/remotes/main [0ms]
2024-01-07 15:25:32.834 [info] > git status -z -uall [10ms]
2024-01-07 15:25:33.190 [info] > git show --textconv :.config/gtk-3.0/bookmarks [4ms]
2024-01-07 15:25:33.191 [info] > git ls-files --stage -- /home/thibault/.dotfiles/.config/gtk-3.0/bookmarks [1ms]
2024-01-07 15:25:33.196 [info] > git cat-file -s e80e266bcf100e475e2c2cefb9c1e7492eeb57bc [1ms]
2024-01-07 15:25:33.394 [info] > git check-ignore -v -z --stdin [4ms]
2024-01-07 15:25:37.870 [info] > git config --get commit.template [13ms]
2024-01-07 15:25:37.870 [info] > git for-each-ref --format=%(refname)%00%(upstream:short)%00%(objectname)%00%(upstream:track)%00%(upstream:remotename)%00%(upstream:remoteref) refs/heads/main refs/remotes/main [1ms]
2024-01-07 15:25:37.883 [info] > git status -z -uall [10ms]
2024-01-07 15:25:40.157 [info] > git show --textconv :install.sh [4ms]
2024-01-07 15:25:40.158 [info] > git ls-files --stage -- /home/thibault/.dotfiles/install.sh [1ms]
2024-01-07 15:25:40.162 [info] > git cat-file -s f6c7f6d13989184538ac108ad851beda9e3015aa [1ms]
2024-01-07 15:25:47.540 [info] > git config --get commit.template [1ms]
2024-01-07 15:25:47.545 [info] > git for-each-ref --format=%(refname)%00%(upstream:short)%00%(objectname)%00%(upstream:track)%00%(upstream:remotename)%00%(upstream:remoteref) refs/heads/main refs/remotes/main [1ms]
2024-01-07 15:25:47.559 [info] > git status -z -uall [11ms]
2024-01-07 15:25:47.908 [info] > git show --textconv :.config/gtk-3.0/bookmarks [5ms]
2024-01-07 15:25:47.909 [info] > git ls-files --stage -- /home/thibault/.dotfiles/.config/gtk-3.0/bookmarks [1ms]
2024-01-07 15:25:47.914 [info] > git cat-file -s e80e266bcf100e475e2c2cefb9c1e7492eeb57bc [1ms]
2024-01-07 15:25:54.073 [info] > git config --get commit.template [3ms]
2024-01-07 15:25:54.073 [info] > git for-each-ref --format=%(refname)%00%(upstream:short)%00%(objectname)%00%(upstream:track)%00%(upstream:remotename)%00%(upstream:remoteref) refs/heads/main refs/remotes/main [1ms]
2024-01-07 15:25:54.086 [info] > git status -z -uall [9ms]
2024-01-07 15:25:56.768 [info] > git show --textconv :install.sh [15ms]
2024-01-07 15:25:56.771 [info] > git ls-files --stage -- /home/thibault/.dotfiles/install.sh [4ms]
2024-01-07 15:25:56.787 [info] > git cat-file -s f6c7f6d13989184538ac108ad851beda9e3015aa [4ms]
2024-01-07 15:26:05.038 [info] > git config --get commit.template [4ms]
2024-01-07 15:26:05.039 [info] > git for-each-ref --format=%(refname)%00%(upstream:short)%00%(objectname)%00%(upstream:track)%00%(upstream:remotename)%00%(upstream:remoteref) refs/heads/main refs/remotes/main [1ms]
2024-01-07 15:26:05.053 [info] > git status -z -uall [11ms]
2024-01-07 15:26:10.071 [info] > git config --get commit.template [3ms]
2024-01-07 15:26:10.071 [info] > git for-each-ref --format=%(refname)%00%(upstream:short)%00%(objectname)%00%(upstream:track)%00%(upstream:remotename)%00%(upstream:remoteref) refs/heads/main refs/remotes/main [0ms]
2024-01-07 15:26:10.085 [info] > git status -z -uall [10ms]
2024-01-07 15:26:15.100 [info] > git config --get commit.template [1ms]
2024-01-07 15:26:15.104 [info] > git for-each-ref --format=%(refname)%00%(upstream:short)%00%(objectname)%00%(upstream:track)%00%(upstream:remotename)%00%(upstream:remoteref) refs/heads/main refs/remotes/main [1ms]
2024-01-07 15:26:15.120 [info] > git status -z -uall [12ms]
2024-01-07 15:26:20.133 [info] > git config --get commit.template [4ms]
2024-01-07 15:26:20.134 [info] > git for-each-ref --format=%(refname)%00%(upstream:short)%00%(objectname)%00%(upstream:track)%00%(upstream:remotename)%00%(upstream:remoteref) refs/heads/main refs/remotes/main [1ms]
2024-01-07 15:26:20.150 [info] > git status -z -uall [12ms]
2024-01-07 15:26:25.166 [info] > git config --get commit.template [4ms]
2024-01-07 15:26:25.166 [info] > git for-each-ref --format=%(refname)%00%(upstream:short)%00%(objectname)%00%(upstream:track)%00%(upstream:remotename)%00%(upstream:remoteref) refs/heads/main refs/remotes/main [1ms]
2024-01-07 15:26:25.180 [info] > git status -z -uall [11ms]
2024-01-07 15:26:30.294 [info] > git config --get commit.template [3ms]
2024-01-07 15:26:30.294 [info] > git for-each-ref --format=%(refname)%00%(upstream:short)%00%(objectname)%00%(upstream:track)%00%(upstream:remotename)%00%(upstream:remoteref) refs/heads/main refs/remotes/main [1ms]
2024-01-07 15:26:30.308 [info] > git status -z -uall [10ms]
2024-01-07 15:26:35.343 [info] > git config --get commit.template [13ms]
2024-01-07 15:26:35.344 [info] > git for-each-ref --format=%(refname)%00%(upstream:short)%00%(objectname)%00%(upstream:track)%00%(upstream:remotename)%00%(upstream:remoteref) refs/heads/main refs/remotes/main [3ms]
2024-01-07 15:26:35.368 [info] > git status -z -uall [17ms]
2024-01-07 15:26:42.869 [info] > git config --get commit.template [7ms]
2024-01-07 15:26:42.870 [info] > git for-each-ref --format=%(refname)%00%(upstream:short)%00%(objectname)%00%(upstream:track)%00%(upstream:remotename)%00%(upstream:remoteref) refs/heads/main refs/remotes/main [1ms]
2024-01-07 15:26:42.898 [info] > git status -z -uall [22ms]
2024-01-07 15:26:56.188 [info] > git config --get commit.template [3ms]
2024-01-07 15:26:56.188 [info] > git for-each-ref --format=%(refname)%00%(upstream:short)%00%(objectname)%00%(upstream:track)%00%(upstream:remotename)%00%(upstream:remoteref) refs/heads/main refs/remotes/main [0ms]
2024-01-07 15:26:56.202 [info] > git status -z -uall [10ms]
2024-01-07 15:27:01.217 [info] > git config --get commit.template [3ms]
2024-01-07 15:27:01.218 [info] > git for-each-ref --format=%(refname)%00%(upstream:short)%00%(objectname)%00%(upstream:track)%00%(upstream:remotename)%00%(upstream:remoteref) refs/heads/main refs/remotes/main [1ms]
2024-01-07 15:27:01.231 [info] > git status -z -uall [10ms]
2024-01-07 15:27:06.249 [info] > git config --get commit.template [3ms]
2024-01-07 15:27:06.250 [info] > git for-each-ref --format=%(refname)%00%(upstream:short)%00%(objectname)%00%(upstream:track)%00%(upstream:remotename)%00%(upstream:remoteref) refs/heads/main refs/remotes/main [1ms]
2024-01-07 15:27:06.264 [info] > git status -z -uall [11ms]
2024-01-07 15:30:59.078 [info] > git config --get commit.template [2ms]
2024-01-07 15:30:59.085 [info] > git for-each-ref --format=%(refname)%00%(upstream:short)%00%(objectname)%00%(upstream:track)%00%(upstream:remotename)%00%(upstream:remoteref) refs/heads/main refs/remotes/main [1ms]
2024-01-07 15:30:59.105 [info] > git status -z -uall [14ms]
2024-01-07 15:31:14.535 [info] > git config --get commit.template [4ms]
2024-01-07 15:31:14.535 [info] > git for-each-ref --format=%(refname)%00%(upstream:short)%00%(objectname)%00%(upstream:track)%00%(upstream:remotename)%00%(upstream:remoteref) refs/heads/main refs/remotes/main [1ms]
2024-01-07 15:31:14.548 [info] > git status -z -uall [10ms]
2024-01-07 15:31:22.996 [info] > git config --get commit.template [3ms]
2024-01-07 15:31:22.996 [info] > git for-each-ref --format=%(refname)%00%(upstream:short)%00%(objectname)%00%(upstream:track)%00%(upstream:remotename)%00%(upstream:remoteref) refs/heads/main refs/remotes/main [1ms]
2024-01-07 15:31:23.011 [info] > git status -z -uall [12ms]
2024-01-07 15:31:52.222 [info] > git check-ignore -v -z --stdin [1ms]
2024-01-07 15:32:02.180 [info] > git check-ignore -v -z --stdin [0ms]
2024-01-07 15:32:17.654 [info] > git config --get commit.template [4ms]
2024-01-07 15:32:17.654 [info] > git for-each-ref --format=%(refname)%00%(upstream:short)%00%(objectname)%00%(upstream:track)%00%(upstream:remotename)%00%(upstream:remoteref) refs/heads/main refs/remotes/main [1ms]
2024-01-07 15:32:17.669 [info] > git status -z -uall [11ms]
2024-01-07 15:32:22.686 [info] > git config --get commit.template [6ms]
2024-01-07 15:32:22.686 [info] > git for-each-ref --format=%(refname)%00%(upstream:short)%00%(objectname)%00%(upstream:track)%00%(upstream:remotename)%00%(upstream:remoteref) refs/heads/main refs/remotes/main [1ms]
2024-01-07 15:32:22.700 [info] > git status -z -uall [10ms]
2024-01-07 15:32:34.501 [info] > git config --get commit.template [8ms]
2024-01-07 15:32:34.502 [info] > git for-each-ref --format=%(refname)%00%(upstream:short)%00%(objectname)%00%(upstream:track)%00%(upstream:remotename)%00%(upstream:remoteref) refs/heads/main refs/remotes/main [2ms]
2024-01-07 15:32:34.522 [info] > git status -z -uall [14ms]
2024-01-07 15:32:42.122 [info] > git config --get commit.template [16ms]
2024-01-07 15:32:42.123 [info] > git for-each-ref --format=%(refname)%00%(upstream:short)%00%(objectname)%00%(upstream:track)%00%(upstream:remotename)%00%(upstream:remoteref) refs/heads/main refs/remotes/main [3ms]
2024-01-07 15:32:42.173 [info] > git status -z -uall [36ms]
2024-01-07 15:32:47.192 [info] > git config --get commit.template [4ms]
2024-01-07 15:32:47.192 [info] > git for-each-ref --format=%(refname)%00%(upstream:short)%00%(objectname)%00%(upstream:track)%00%(upstream:remotename)%00%(upstream:remoteref) refs/heads/main refs/remotes/main [1ms]
2024-01-07 15:32:47.206 [info] > git status -z -uall [11ms]
2024-01-07 15:32:52.222 [info] > git config --get commit.template [3ms]
2024-01-07 15:32:52.222 [info] > git for-each-ref --format=%(refname)%00%(upstream:short)%00%(objectname)%00%(upstream:track)%00%(upstream:remotename)%00%(upstream:remoteref) refs/heads/main refs/remotes/main [1ms]
2024-01-07 15:32:52.236 [info] > git status -z -uall [11ms]
2024-01-07 15:33:34.100 [info] > git config --get commit.template [9ms]
2024-01-07 15:33:34.101 [info] > git for-each-ref --format=%(refname)%00%(upstream:short)%00%(objectname)%00%(upstream:track)%00%(upstream:remotename)%00%(upstream:remoteref) refs/heads/main refs/remotes/main [2ms]
2024-01-07 15:33:34.122 [info] > git status -z -uall [15ms]
2024-01-07 15:33:41.851 [info] > git config --get commit.template [3ms]
2024-01-07 15:33:41.867 [info] > git for-each-ref --format=%(refname)%00%(upstream:short)%00%(objectname)%00%(upstream:track)%00%(upstream:remotename)%00%(upstream:remoteref) refs/heads/main refs/remotes/main [4ms]
2024-01-07 15:33:41.922 [info] > git status -z -uall [41ms]
2024-01-07 15:33:58.271 [info] > git config --get commit.template [3ms]
2024-01-07 15:33:58.272 [info] > git for-each-ref --format=%(refname)%00%(upstream:short)%00%(objectname)%00%(upstream:track)%00%(upstream:remotename)%00%(upstream:remoteref) refs/heads/main refs/remotes/main [1ms]
2024-01-07 15:33:58.286 [info] > git status -z -uall [11ms]
2024-01-07 15:34:03.302 [info] > git config --get commit.template [3ms]
2024-01-07 15:34:03.303 [info] > git for-each-ref --format=%(refname)%00%(upstream:short)%00%(objectname)%00%(upstream:track)%00%(upstream:remotename)%00%(upstream:remoteref) refs/heads/main refs/remotes/main [1ms]
2024-01-07 15:34:03.318 [info] > git status -z -uall [12ms]
2024-01-07 15:34:08.333 [info] > git config --get commit.template [0ms]
2024-01-07 15:34:08.337 [info] > git for-each-ref --format=%(refname)%00%(upstream:short)%00%(objectname)%00%(upstream:track)%00%(upstream:remotename)%00%(upstream:remoteref) refs/heads/main refs/remotes/main [1ms]
2024-01-07 15:34:08.352 [info] > git status -z -uall [11ms]
2024-01-07 15:34:13.366 [info] > git config --get commit.template [3ms]
2024-01-07 15:34:13.367 [info] > git for-each-ref --format=%(refname)%00%(upstream:short)%00%(objectname)%00%(upstream:track)%00%(upstream:remotename)%00%(upstream:remoteref) refs/heads/main refs/remotes/main [1ms]
2024-01-07 15:34:13.380 [info] > git status -z -uall [10ms]
2024-01-07 15:34:18.398 [info] > git config --get commit.template [4ms]
2024-01-07 15:34:18.398 [info] > git for-each-ref --format=%(refname)%00%(upstream:short)%00%(objectname)%00%(upstream:track)%00%(upstream:remotename)%00%(upstream:remoteref) refs/heads/main refs/remotes/main [1ms]
2024-01-07 15:34:18.413 [info] > git status -z -uall [11ms]
2024-01-07 15:34:23.430 [info] > git config --get commit.template [3ms]
2024-01-07 15:34:23.430 [info] > git for-each-ref --format=%(refname)%00%(upstream:short)%00%(objectname)%00%(upstream:track)%00%(upstream:remotename)%00%(upstream:remoteref) refs/heads/main refs/remotes/main [0ms]
2024-01-07 15:34:23.445 [info] > git status -z -uall [11ms]
2024-01-07 15:36:23.982 [info] > git config --get commit.template [4ms]
2024-01-07 15:36:23.983 [info] > git for-each-ref --format=%(refname)%00%(upstream:short)%00%(objectname)%00%(upstream:track)%00%(upstream:remotename)%00%(upstream:remoteref) refs/heads/main refs/remotes/main [1ms]
2024-01-07 15:36:23.996 [info] > git status -z -uall [9ms]
2024-01-07 15:36:42.807 [info] > git config --get commit.template [4ms]
2024-01-07 15:36:42.808 [info] > git for-each-ref --format=%(refname)%00%(upstream:short)%00%(objectname)%00%(upstream:track)%00%(upstream:remotename)%00%(upstream:remoteref) refs/heads/main refs/remotes/main [0ms]
2024-01-07 15:36:42.821 [info] > git status -z -uall [10ms]
2024-01-07 15:36:49.828 [info] > git config --get commit.template [7ms]
2024-01-07 15:36:49.828 [info] > git for-each-ref --format=%(refname)%00%(upstream:short)%00%(objectname)%00%(upstream:track)%00%(upstream:remotename)%00%(upstream:remoteref) refs/heads/main refs/remotes/main [1ms]
2024-01-07 15:36:49.856 [info] > git status -z -uall [20ms]
2024-01-07 15:37:40.018 [info] > git check-ignore -v -z --stdin [1ms]
2024-01-07 15:38:01.621 [info] > git config --get commit.template [4ms]
2024-01-07 15:38:01.622 [info] > git for-each-ref --format=%(refname)%00%(upstream:short)%00%(objectname)%00%(upstream:track)%00%(upstream:remotename)%00%(upstream:remoteref) refs/heads/main refs/remotes/main [1ms]
2024-01-07 15:38:01.635 [info] > git status -z -uall [9ms]
2024-01-07 15:38:06.665 [info] > git config --get commit.template [8ms]
2024-01-07 15:38:06.666 [info] > git for-each-ref --format=%(refname)%00%(upstream:short)%00%(objectname)%00%(upstream:track)%00%(upstream:remotename)%00%(upstream:remoteref) refs/heads/main refs/remotes/main [1ms]
2024-01-07 15:38:06.679 [info] > git status -z -uall [10ms]
2024-01-07 15:38:36.544 [info] > git config --get commit.template [14ms]
2024-01-07 15:38:36.544 [info] > git for-each-ref --format=%(refname)%00%(upstream:short)%00%(objectname)%00%(upstream:track)%00%(upstream:remotename)%00%(upstream:remoteref) refs/heads/main refs/remotes/main [0ms]
2024-01-07 15:38:36.557 [info] > git status -z -uall [10ms]
2024-01-07 15:38:41.586 [info] > git config --get commit.template [15ms]
2024-01-07 15:38:41.588 [info] > git for-each-ref --format=%(refname)%00%(upstream:short)%00%(objectname)%00%(upstream:track)%00%(upstream:remotename)%00%(upstream:remoteref) refs/heads/main refs/remotes/main [3ms]
2024-01-07 15:38:41.648 [info] > git status -z -uall [46ms]
2024-01-07 15:38:46.665 [info] > git config --get commit.template [4ms]
2024-01-07 15:38:46.665 [info] > git for-each-ref --format=%(refname)%00%(upstream:short)%00%(objectname)%00%(upstream:track)%00%(upstream:remotename)%00%(upstream:remoteref) refs/heads/main refs/remotes/main [0ms]
2024-01-07 15:38:46.679 [info] > git status -z -uall [10ms]
2024-01-07 15:38:51.695 [info] > git config --get commit.template [6ms]
2024-01-07 15:38:51.695 [info] > git for-each-ref --format=%(refname)%00%(upstream:short)%00%(objectname)%00%(upstream:track)%00%(upstream:remotename)%00%(upstream:remoteref) refs/heads/main refs/remotes/main [1ms]
2024-01-07 15:38:51.719 [info] > git status -z -uall [18ms]
2024-01-07 15:38:56.758 [info] > git config --get commit.template [15ms]
2024-01-07 15:38:56.760 [info] > git for-each-ref --format=%(refname)%00%(upstream:short)%00%(objectname)%00%(upstream:track)%00%(upstream:remotename)%00%(upstream:remoteref) refs/heads/main refs/remotes/main [3ms]
2024-01-07 15:38:56.816 [info] > git status -z -uall [42ms]
2024-01-07 15:39:01.832 [info] > git config --get commit.template [4ms]
2024-01-07 15:39:01.833 [info] > git for-each-ref --format=%(refname)%00%(upstream:short)%00%(objectname)%00%(upstream:track)%00%(upstream:remotename)%00%(upstream:remoteref) refs/heads/main refs/remotes/main [1ms]
2024-01-07 15:39:01.851 [info] > git status -z -uall [14ms]
2024-01-07 15:39:06.869 [info] > git config --get commit.template [3ms]
2024-01-07 15:39:06.870 [info] > git for-each-ref --format=%(refname)%00%(upstream:short)%00%(objectname)%00%(upstream:track)%00%(upstream:remotename)%00%(upstream:remoteref) refs/heads/main refs/remotes/main [1ms]
2024-01-07 15:39:06.884 [info] > git status -z -uall [11ms]
2024-01-07 15:39:13.329 [info] > git config --get commit.template [3ms]
2024-01-07 15:39:13.329 [info] > git for-each-ref --format=%(refname)%00%(upstream:short)%00%(objectname)%00%(upstream:track)%00%(upstream:remotename)%00%(upstream:remoteref) refs/heads/main refs/remotes/main [0ms]
2024-01-07 15:39:13.344 [info] > git status -z -uall [11ms]
2024-01-07 15:39:18.377 [info] > git config --get commit.template [12ms]
2024-01-07 15:39:18.378 [info] > git for-each-ref --format=%(refname)%00%(upstream:short)%00%(objectname)%00%(upstream:track)%00%(upstream:remotename)%00%(upstream:remoteref) refs/heads/main refs/remotes/main [2ms]
2024-01-07 15:39:18.404 [info] > git status -z -uall [19ms]
2024-01-07 15:39:42.282 [info] > git config --get commit.template [10ms]
2024-01-07 15:39:42.283 [info] > git for-each-ref --format=%(refname)%00%(upstream:short)%00%(objectname)%00%(upstream:track)%00%(upstream:remotename)%00%(upstream:remoteref) refs/heads/main refs/remotes/main [3ms]
2024-01-07 15:39:42.304 [info] > git status -z -uall [15ms]
2024-01-07 15:39:49.127 [info] > git config --get commit.template [15ms]
2024-01-07 15:39:49.129 [info] > git for-each-ref --format=%(refname)%00%(upstream:short)%00%(objectname)%00%(upstream:track)%00%(upstream:remotename)%00%(upstream:remoteref) refs/heads/main refs/remotes/main [3ms]
2024-01-07 15:39:49.181 [info] > git status -z -uall [38ms]
2024-01-07 15:39:54.197 [info] > git config --get commit.template [4ms]
2024-01-07 15:39:54.198 [info] > git for-each-ref --format=%(refname)%00%(upstream:short)%00%(objectname)%00%(upstream:track)%00%(upstream:remotename)%00%(upstream:remoteref) refs/heads/main refs/remotes/main [1ms]
2024-01-07 15:39:54.219 [info] > git status -z -uall [17ms]
2024-01-07 15:45:37.632 [info] > git config --get commit.template [6ms]
2024-01-07 15:45:37.632 [info] > git for-each-ref --format=%(refname)%00%(upstream:short)%00%(objectname)%00%(upstream:track)%00%(upstream:remotename)%00%(upstream:remoteref) refs/heads/main refs/remotes/main [1ms]
2024-01-07 15:45:37.640 [info] > git ls-files --stage -- /home/thibault/.dotfiles/install.sh [4ms]
2024-01-07 15:45:37.645 [info] > git cat-file -s f6c7f6d13989184538ac108ad851beda9e3015aa [0ms]
2024-01-07 15:45:37.650 [info] > git status -z -uall [10ms]
2024-01-07 15:45:37.655 [info] > git show --textconv :install.sh [5ms]
2024-01-07 15:48:29.673 [info] > git config --get commit.template [4ms]
2024-01-07 15:48:29.678 [info] > git for-each-ref --format=%(refname)%00%(upstream:short)%00%(objectname)%00%(upstream:track)%00%(upstream:remotename)%00%(upstream:remoteref) refs/heads/main refs/remotes/main [5ms]
2024-01-07 15:48:29.678 [info] > git ls-files --stage -- /home/thibault/.dotfiles/install.sh [1ms]
2024-01-07 15:48:29.686 [info] > git cat-file -s 312e8d75cc80b92fabd28aadc996a12dc92c27af [4ms]
2024-01-07 15:48:29.689 [info] > git status -z -uall [3ms]
2024-01-07 15:48:29.727 [info] > git show --textconv :install.sh [1ms]
2024-01-07 15:48:40.497 [info] > git config --get commit.template [1ms]
2024-01-07 15:48:40.505 [info] > git for-each-ref --format=%(refname)%00%(upstream:short)%00%(objectname)%00%(upstream:track)%00%(upstream:remotename)%00%(upstream:remoteref) refs/heads/main refs/remotes/main [3ms]
2024-01-07 15:48:40.514 [info] > git status -z -uall [4ms]
2024-01-07 15:48:50.258 [info] > git config --get commit.template [5ms]
2024-01-07 15:48:50.262 [info] > git ls-files --stage -- /home/thibault/.dotfiles/install.sh [5ms]
2024-01-07 15:48:50.266 [info] > git for-each-ref --format=%(refname)%00%(upstream:short)%00%(objectname)%00%(upstream:track)%00%(upstream:remotename)%00%(upstream:remoteref) refs/heads/main refs/remotes/main [4ms]
2024-01-07 15:48:50.266 [info] > git cat-file -s 312e8d75cc80b92fabd28aadc996a12dc92c27af [0ms]
2024-01-07 15:48:50.275 [info] > git status -z -uall [5ms]
2024-01-07 15:48:50.277 [info] > git show --textconv :install.sh [2ms]
2024-01-07 15:51:22.045 [info] > git config --get commit.template [16ms]
2024-01-07 15:51:22.045 [info] > git ls-files --stage -- /home/thibault/.dotfiles/install.sh [7ms]
2024-01-07 15:51:22.051 [info] > git for-each-ref --format=%(refname)%00%(upstream:short)%00%(objectname)%00%(upstream:track)%00%(upstream:remotename)%00%(upstream:remoteref) refs/heads/main refs/remotes/main [7ms]
2024-01-07 15:51:22.051 [info] > git cat-file -s 312e8d75cc80b92fabd28aadc996a12dc92c27af [1ms]
2024-01-07 15:51:22.062 [info] > git show --textconv :install.sh [1ms]
2024-01-07 15:51:22.063 [info] > git status -z -uall [7ms]
