2024-01-07 15:59:24.217 [info] Log level: Info
2024-01-07 15:59:24.217 [info] Validating found git in: "git"
2024-01-07 15:59:24.217 [info] Using git "2.43.0" from "git"
2024-01-07 15:59:24.217 [info] > git rev-parse --show-toplevel [5ms]
2024-01-07 15:59:24.217 [info] > git rev-parse --git-dir --git-common-dir [1ms]
2024-01-07 15:59:24.217 [info] Open repository: /home/thibault/.dotfiles
2024-01-07 15:59:24.217 [info] > git rev-parse --show-toplevel [6ms]
2024-01-07 15:59:24.218 [info] > git config --get commit.template [9ms]
2024-01-07 15:59:24.225 [info] > git rev-parse --show-toplevel [4ms]
2024-01-07 15:59:24.229 [info] > git rev-parse --show-toplevel [1ms]
2024-01-07 15:59:24.231 [info] > git for-each-ref --format=%(refname)%00%(upstream:short)%00%(objectname)%00%(upstream:track)%00%(upstream:remotename)%00%(upstream:remoteref) refs/heads/main refs/remotes/main [6ms]
2024-01-07 15:59:24.263 [info] > git status -z -uall [23ms]
2024-01-07 15:59:24.275 [info] > git config --get commit.template [1ms]
2024-01-07 15:59:24.335 [info] > git for-each-ref --format=%(refname)%00%(upstream:short)%00%(objectname)%00%(upstream:track)%00%(upstream:remotename)%00%(upstream:remoteref) refs/heads/main refs/remotes/main [33ms]
2024-01-07 15:59:24.347 [info] > git status -z -uall [7ms]
2024-01-07 15:59:24.726 [info] > git show --textconv :install.sh [35ms]
2024-01-07 15:59:24.726 [info] > git ls-files --stage -- /home/thibault/.dotfiles/install.sh [20ms]
2024-01-07 15:59:24.744 [info] > git check-ignore -v -z --stdin [22ms]
2024-01-07 15:59:24.746 [info] > git cat-file -s 312e8d75cc80b92fabd28aadc996a12dc92c27af [7ms]
2024-01-07 15:59:34.211 [info] > git check-ignore -v -z --stdin [1ms]
2024-01-07 15:59:45.036 [info] > git config --get commit.template [7ms]
2024-01-07 15:59:45.041 [info] > git ls-files --stage -- /home/thibault/.dotfiles/install.sh [6ms]
2024-01-07 15:59:45.045 [info] > git for-each-ref --format=%(refname)%00%(upstream:short)%00%(objectname)%00%(upstream:track)%00%(upstream:remotename)%00%(upstream:remoteref) refs/heads/main refs/remotes/main [5ms]
2024-01-07 15:59:45.045 [info] > git cat-file -s 312e8d75cc80b92fabd28aadc996a12dc92c27af [0ms]
2024-01-07 15:59:45.057 [info] > git status -z -uall [8ms]
2024-01-07 15:59:45.067 [info] > git show --textconv :install.sh [2ms]
2024-01-07 16:00:59.215 [info] > git config --get commit.template [7ms]
2024-01-07 16:00:59.215 [info] > git for-each-ref --format=%(refname)%00%(upstream:short)%00%(objectname)%00%(upstream:track)%00%(upstream:remotename)%00%(upstream:remoteref) refs/heads/main refs/remotes/main [2ms]
2024-01-07 16:00:59.231 [info] > git status -z -uall [10ms]
2024-01-07 16:02:36.216 [info] > git check-ignore -v -z --stdin [3ms]
2024-01-07 16:02:50.327 [info] > git check-ignore -v -z --stdin [0ms]
2024-01-07 16:02:55.470 [info] > git check-ignore -v -z --stdin [0ms]
2024-01-07 16:03:17.493 [info] > git config --get commit.template [4ms]
2024-01-07 16:03:17.493 [info] > git for-each-ref --format=%(refname)%00%(upstream:short)%00%(objectname)%00%(upstream:track)%00%(upstream:remotename)%00%(upstream:remoteref) refs/heads/main refs/remotes/main [1ms]
2024-01-07 16:03:17.506 [info] > git status -z -uall [9ms]
2024-01-07 16:03:22.613 [info] > git config --get commit.template [18ms]
2024-01-07 16:03:22.615 [info] > git for-each-ref --format=%(refname)%00%(upstream:short)%00%(objectname)%00%(upstream:track)%00%(upstream:remotename)%00%(upstream:remoteref) refs/heads/main refs/remotes/main [4ms]
2024-01-07 16:03:22.667 [info] > git status -z -uall [37ms]
2024-01-07 16:03:27.764 [info] > git config --get commit.template [18ms]
2024-01-07 16:03:27.765 [info] > git for-each-ref --format=%(refname)%00%(upstream:short)%00%(objectname)%00%(upstream:track)%00%(upstream:remotename)%00%(upstream:remoteref) refs/heads/main refs/remotes/main [5ms]
2024-01-07 16:03:27.815 [info] > git status -z -uall [34ms]
2024-01-07 16:03:32.919 [info] > git config --get commit.template [18ms]
2024-01-07 16:03:32.921 [info] > git for-each-ref --format=%(refname)%00%(upstream:short)%00%(objectname)%00%(upstream:track)%00%(upstream:remotename)%00%(upstream:remoteref) refs/heads/main refs/remotes/main [5ms]
2024-01-07 16:03:32.964 [info] > git status -z -uall [30ms]
2024-01-07 16:03:38.063 [info] > git config --get commit.template [4ms]
2024-01-07 16:03:38.064 [info] > git for-each-ref --format=%(refname)%00%(upstream:short)%00%(objectname)%00%(upstream:track)%00%(upstream:remotename)%00%(upstream:remoteref) refs/heads/main refs/remotes/main [1ms]
2024-01-07 16:03:38.075 [info] > git status -z -uall [7ms]
2024-01-07 16:03:43.135 [info] > git config --get commit.template [4ms]
2024-01-07 16:03:43.135 [info] > git for-each-ref --format=%(refname)%00%(upstream:short)%00%(objectname)%00%(upstream:track)%00%(upstream:remotename)%00%(upstream:remoteref) refs/heads/main refs/remotes/main [1ms]
2024-01-07 16:03:43.147 [info] > git status -z -uall [8ms]
2024-01-07 16:03:48.211 [info] > git config --get commit.template [4ms]
2024-01-07 16:03:48.211 [info] > git for-each-ref --format=%(refname)%00%(upstream:short)%00%(objectname)%00%(upstream:track)%00%(upstream:remotename)%00%(upstream:remoteref) refs/heads/main refs/remotes/main [1ms]
2024-01-07 16:03:48.223 [info] > git status -z -uall [8ms]
2024-01-07 16:03:53.288 [info] > git config --get commit.template [4ms]
2024-01-07 16:03:53.288 [info] > git for-each-ref --format=%(refname)%00%(upstream:short)%00%(objectname)%00%(upstream:track)%00%(upstream:remotename)%00%(upstream:remoteref) refs/heads/main refs/remotes/main [1ms]
2024-01-07 16:03:53.302 [info] > git status -z -uall [9ms]
2024-01-07 16:03:58.389 [info] > git config --get commit.template [19ms]
2024-01-07 16:03:58.391 [info] > git for-each-ref --format=%(refname)%00%(upstream:short)%00%(objectname)%00%(upstream:track)%00%(upstream:remotename)%00%(upstream:remoteref) refs/heads/main refs/remotes/main [4ms]
2024-01-07 16:03:58.439 [info] > git status -z -uall [31ms]
2024-01-07 16:04:03.525 [info] > git config --get commit.template [5ms]
2024-01-07 16:04:03.525 [info] > git for-each-ref --format=%(refname)%00%(upstream:short)%00%(objectname)%00%(upstream:track)%00%(upstream:remotename)%00%(upstream:remoteref) refs/heads/main refs/remotes/main [1ms]
2024-01-07 16:04:03.537 [info] > git status -z -uall [7ms]
2024-01-07 16:04:08.655 [info] > git config --get commit.template [7ms]
2024-01-07 16:04:08.656 [info] > git for-each-ref --format=%(refname)%00%(upstream:short)%00%(objectname)%00%(upstream:track)%00%(upstream:remotename)%00%(upstream:remoteref) refs/heads/main refs/remotes/main [1ms]
2024-01-07 16:04:08.671 [info] > git status -z -uall [9ms]
2024-01-07 16:04:13.755 [info] > git config --get commit.template [18ms]
2024-01-07 16:04:13.757 [info] > git for-each-ref --format=%(refname)%00%(upstream:short)%00%(objectname)%00%(upstream:track)%00%(upstream:remotename)%00%(upstream:remoteref) refs/heads/main refs/remotes/main [3ms]
2024-01-07 16:04:13.810 [info] > git status -z -uall [37ms]
2024-01-07 16:04:18.880 [info] > git config --get commit.template [4ms]
2024-01-07 16:04:18.880 [info] > git for-each-ref --format=%(refname)%00%(upstream:short)%00%(objectname)%00%(upstream:track)%00%(upstream:remotename)%00%(upstream:remoteref) refs/heads/main refs/remotes/main [1ms]
2024-01-07 16:04:18.893 [info] > git status -z -uall [9ms]
2024-01-07 16:04:26.363 [info] > git check-ignore -v -z --stdin [4ms]
2024-01-07 16:04:30.643 [info] > git check-ignore -v -z --stdin [1ms]
2024-01-07 16:04:36.792 [info] > git check-ignore -v -z --stdin [1ms]
2024-01-07 16:05:43.432 [info] > git config --get commit.template [6ms]
2024-01-07 16:05:43.433 [info] > git for-each-ref --format=%(refname)%00%(upstream:short)%00%(objectname)%00%(upstream:track)%00%(upstream:remotename)%00%(upstream:remoteref) refs/heads/main refs/remotes/main [1ms]
2024-01-07 16:05:43.452 [info] > git status -z -uall [14ms]
2024-01-07 16:05:56.660 [info] > git config --get commit.template [2ms]
2024-01-07 16:05:56.667 [info] > git for-each-ref --format=%(refname)%00%(upstream:short)%00%(objectname)%00%(upstream:track)%00%(upstream:remotename)%00%(upstream:remoteref) refs/heads/main refs/remotes/main [1ms]
2024-01-07 16:05:56.684 [info] > git status -z -uall [11ms]
2024-01-07 16:05:56.745 [info] > git ls-files --stage -- /home/thibault/.dotfiles/install.sh [2ms]
2024-01-07 16:05:56.750 [info] > git cat-file -s 312e8d75cc80b92fabd28aadc996a12dc92c27af [1ms]
2024-01-07 16:05:56.758 [info] > git show --textconv :install.sh [1ms]
2024-01-07 16:06:05.612 [info] > git config --get commit.template [9ms]
2024-01-07 16:06:05.612 [info] > git for-each-ref --format=%(refname)%00%(upstream:short)%00%(objectname)%00%(upstream:track)%00%(upstream:remotename)%00%(upstream:remoteref) refs/heads/main refs/remotes/main [1ms]
2024-01-07 16:06:05.630 [info] > git status -z -uall [11ms]
2024-01-07 16:06:14.955 [info] > git config --get commit.template [1ms]
2024-01-07 16:06:14.961 [info] > git for-each-ref --format=%(refname)%00%(upstream:short)%00%(objectname)%00%(upstream:track)%00%(upstream:remotename)%00%(upstream:remoteref) refs/heads/main refs/remotes/main [1ms]
2024-01-07 16:06:14.974 [info] > git status -z -uall [8ms]
2024-01-07 16:06:57.749 [info] > git config --get commit.template [4ms]
2024-01-07 16:06:57.749 [info] > git for-each-ref --format=%(refname)%00%(upstream:short)%00%(objectname)%00%(upstream:track)%00%(upstream:remotename)%00%(upstream:remoteref) refs/heads/main refs/remotes/main [0ms]
2024-01-07 16:06:57.761 [info] > git status -z -uall [8ms]
2024-01-07 16:07:07.961 [info] > git config --get commit.template [4ms]
2024-01-07 16:07:07.961 [info] > git for-each-ref --format=%(refname)%00%(upstream:short)%00%(objectname)%00%(upstream:track)%00%(upstream:remotename)%00%(upstream:remoteref) refs/heads/main refs/remotes/main [0ms]
2024-01-07 16:07:07.974 [info] > git status -z -uall [8ms]
2024-01-07 16:07:33.649 [info] > git config --get commit.template [4ms]
2024-01-07 16:07:33.649 [info] > git for-each-ref --format=%(refname)%00%(upstream:short)%00%(objectname)%00%(upstream:track)%00%(upstream:remotename)%00%(upstream:remoteref) refs/heads/main refs/remotes/main [1ms]
2024-01-07 16:07:33.662 [info] > git status -z -uall [10ms]
2024-01-07 16:07:42.011 [info] > git config --get commit.template [1ms]
2024-01-07 16:07:42.025 [info] > git for-each-ref --format=%(refname)%00%(upstream:short)%00%(objectname)%00%(upstream:track)%00%(upstream:remotename)%00%(upstream:remoteref) refs/heads/main refs/remotes/main [5ms]
2024-01-07 16:07:42.044 [info] > git status -z -uall [10ms]
2024-01-07 16:07:44.609 [info] > git check-ignore -v -z --stdin [6ms]
2024-01-07 16:07:47.129 [info] > git config --get commit.template [17ms]
2024-01-07 16:07:47.130 [info] > git for-each-ref --format=%(refname)%00%(upstream:short)%00%(objectname)%00%(upstream:track)%00%(upstream:remotename)%00%(upstream:remoteref) refs/heads/main refs/remotes/main [3ms]
2024-01-07 16:07:47.170 [info] > git status -z -uall [26ms]
2024-01-07 16:07:56.604 [info] > git config --get commit.template [5ms]
2024-01-07 16:07:56.604 [info] > git for-each-ref --format=%(refname)%00%(upstream:short)%00%(objectname)%00%(upstream:track)%00%(upstream:remotename)%00%(upstream:remoteref) refs/heads/main refs/remotes/main [1ms]
2024-01-07 16:07:56.616 [info] > git status -z -uall [8ms]
2024-01-07 16:08:01.700 [info] > git config --get commit.template [4ms]
2024-01-07 16:08:01.701 [info] > git for-each-ref --format=%(refname)%00%(upstream:short)%00%(objectname)%00%(upstream:track)%00%(upstream:remotename)%00%(upstream:remoteref) refs/heads/main refs/remotes/main [1ms]
2024-01-07 16:08:01.713 [info] > git status -z -uall [8ms]
2024-01-07 16:08:12.876 [info] > git config --get commit.template [0ms]
2024-01-07 16:08:12.882 [info] > git for-each-ref --format=%(refname)%00%(upstream:short)%00%(objectname)%00%(upstream:track)%00%(upstream:remotename)%00%(upstream:remoteref) refs/heads/main refs/remotes/main [0ms]
2024-01-07 16:08:12.894 [info] > git status -z -uall [7ms]
2024-01-07 16:08:26.622 [info] > git config --get commit.template [1ms]
2024-01-07 16:08:26.627 [info] > git for-each-ref --format=%(refname)%00%(upstream:short)%00%(objectname)%00%(upstream:track)%00%(upstream:remotename)%00%(upstream:remoteref) refs/heads/main refs/remotes/main [1ms]
2024-01-07 16:08:26.639 [info] > git status -z -uall [7ms]
2024-01-07 16:08:28.112 [info] > git check-ignore -v -z --stdin [6ms]
2024-01-07 16:08:28.820 [info] > git check-ignore -v -z --stdin [1ms]
2024-01-07 16:08:30.023 [info] > git check-ignore -v -z --stdin [2ms]
2024-01-07 16:08:31.703 [info] > git config --get commit.template [4ms]
2024-01-07 16:08:31.704 [info] > git for-each-ref --format=%(refname)%00%(upstream:short)%00%(objectname)%00%(upstream:track)%00%(upstream:remotename)%00%(upstream:remoteref) refs/heads/main refs/remotes/main [0ms]
2024-01-07 16:08:31.715 [info] > git status -z -uall [8ms]
2024-01-07 16:08:36.779 [info] > git config --get commit.template [4ms]
2024-01-07 16:08:36.779 [info] > git for-each-ref --format=%(refname)%00%(upstream:short)%00%(objectname)%00%(upstream:track)%00%(upstream:remotename)%00%(upstream:remoteref) refs/heads/main refs/remotes/main [1ms]
2024-01-07 16:08:36.792 [info] > git status -z -uall [9ms]
2024-01-07 16:08:41.876 [info] > git config --get commit.template [0ms]
2024-01-07 16:08:41.880 [info] > git for-each-ref --format=%(refname)%00%(upstream:short)%00%(objectname)%00%(upstream:track)%00%(upstream:remotename)%00%(upstream:remoteref) refs/heads/main refs/remotes/main [1ms]
2024-01-07 16:08:41.891 [info] > git status -z -uall [7ms]
