2024-01-06 18:56:20.395 [info] Log level: Info
2024-01-06 18:56:20.395 [info] Validating found git in: "git"
2024-01-06 18:56:20.415 [info] Using git "2.43.0" from "git"
2024-01-06 18:56:20.423 [info] > git rev-parse --show-toplevel [1ms]
2024-01-06 18:56:20.423 [info] fatal: not a git repository (or any parent up to mount point /)
Stopping at filesystem boundary (GIT_DISCOVERY_ACROSS_FILESYSTEM not set).
2024-01-06 18:56:20.428 [info] > git rev-parse --show-toplevel [2ms]
2024-01-06 18:56:20.428 [info] fatal: not a git repository (or any parent up to mount point /)
Stopping at filesystem boundary (GIT_DISCOVERY_ACROSS_FILESYSTEM not set).
2024-01-06 18:56:20.433 [info] > git rev-parse --show-toplevel [2ms]
2024-01-06 18:56:20.433 [info] fatal: not a git repository (or any parent up to mount point /)
Stopping at filesystem boundary (GIT_DISCOVERY_ACROSS_FILESYSTEM not set).
2024-01-06 18:56:20.438 [info] > git rev-parse --show-toplevel [1ms]
2024-01-06 18:56:20.438 [info] fatal: not a git repository (or any parent up to mount point /)
Stopping at filesystem boundary (GIT_DISCOVERY_ACROSS_FILESYSTEM not set).
2024-01-06 18:56:20.465 [info] > git rev-parse --show-toplevel [8ms]
2024-01-06 18:56:20.465 [info] fatal: not a git repository (or any parent up to mount point /)
Stopping at filesystem boundary (GIT_DISCOVERY_ACROSS_FILESYSTEM not set).
2024-01-06 18:56:20.475 [info] > git rev-parse --show-toplevel [6ms]
2024-01-06 18:56:20.475 [info] fatal: not a git repository (or any parent up to mount point /)
Stopping at filesystem boundary (GIT_DISCOVERY_ACROSS_FILESYSTEM not set).
2024-01-06 18:56:20.481 [info] > git rev-parse --show-toplevel [1ms]
2024-01-06 18:56:20.481 [info] fatal: not a git repository (or any parent up to mount point /)
Stopping at filesystem boundary (GIT_DISCOVERY_ACROSS_FILESYSTEM not set).
2024-01-06 18:56:20.485 [info] > git rev-parse --show-toplevel [1ms]
2024-01-06 18:56:20.485 [info] fatal: not a git repository (or any parent up to mount point /)
Stopping at filesystem boundary (GIT_DISCOVERY_ACROSS_FILESYSTEM not set).
2024-01-06 18:56:20.489 [info] > git rev-parse --show-toplevel [1ms]
2024-01-06 18:56:20.489 [info] fatal: not a git repository (or any parent up to mount point /)
Stopping at filesystem boundary (GIT_DISCOVERY_ACROSS_FILESYSTEM not set).
2024-01-06 18:56:20.493 [info] > git rev-parse --show-toplevel [1ms]
2024-01-06 18:56:20.493 [info] fatal: not a git repository (or any parent up to mount point /)
Stopping at filesystem boundary (GIT_DISCOVERY_ACROSS_FILESYSTEM not set).
2024-01-06 18:56:20.496 [info] > git rev-parse --show-toplevel [0ms]
2024-01-06 18:56:20.496 [info] fatal: not a git repository (or any parent up to mount point /)
Stopping at filesystem boundary (GIT_DISCOVERY_ACROSS_FILESYSTEM not set).
2024-01-06 18:56:20.500 [info] > git rev-parse --show-toplevel [1ms]
2024-01-06 18:56:20.500 [info] fatal: not a git repository (or any parent up to mount point /)
Stopping at filesystem boundary (GIT_DISCOVERY_ACROSS_FILESYSTEM not set).
2024-01-06 18:56:20.504 [info] > git rev-parse --show-toplevel [0ms]
2024-01-06 18:56:20.504 [info] fatal: not a git repository (or any parent up to mount point /)
Stopping at filesystem boundary (GIT_DISCOVERY_ACROSS_FILESYSTEM not set).
2024-01-06 18:56:20.507 [info] > git rev-parse --show-toplevel [0ms]
2024-01-06 18:56:20.507 [info] fatal: not a git repository (or any parent up to mount point /)
Stopping at filesystem boundary (GIT_DISCOVERY_ACROSS_FILESYSTEM not set).
2024-01-06 18:56:20.511 [info] > git rev-parse --show-toplevel [1ms]
2024-01-06 18:56:20.511 [info] fatal: not a git repository (or any parent up to mount point /)
Stopping at filesystem boundary (GIT_DISCOVERY_ACROSS_FILESYSTEM not set).
2024-01-06 18:56:20.515 [info] > git rev-parse --show-toplevel [1ms]
2024-01-06 18:56:20.515 [info] fatal: not a git repository (or any parent up to mount point /)
Stopping at filesystem boundary (GIT_DISCOVERY_ACROSS_FILESYSTEM not set).
2024-01-06 18:56:20.519 [info] > git rev-parse --show-toplevel [1ms]
2024-01-06 18:56:20.519 [info] fatal: not a git repository (or any parent up to mount point /)
Stopping at filesystem boundary (GIT_DISCOVERY_ACROSS_FILESYSTEM not set).
2024-01-06 18:56:20.522 [info] > git rev-parse --show-toplevel [0ms]
2024-01-06 18:56:20.522 [info] fatal: not a git repository (or any parent up to mount point /)
Stopping at filesystem boundary (GIT_DISCOVERY_ACROSS_FILESYSTEM not set).
2024-01-06 18:56:20.526 [info] > git rev-parse --show-toplevel [1ms]
2024-01-06 18:56:20.526 [info] fatal: not a git repository (or any parent up to mount point /)
Stopping at filesystem boundary (GIT_DISCOVERY_ACROSS_FILESYSTEM not set).
2024-01-06 18:56:20.529 [info] > git rev-parse --show-toplevel [0ms]
2024-01-06 18:56:20.529 [info] fatal: not a git repository (or any parent up to mount point /)
Stopping at filesystem boundary (GIT_DISCOVERY_ACROSS_FILESYSTEM not set).
2024-01-06 18:56:20.533 [info] > git rev-parse --show-toplevel [1ms]
2024-01-06 18:56:20.533 [info] fatal: not a git repository (or any parent up to mount point /)
Stopping at filesystem boundary (GIT_DISCOVERY_ACROSS_FILESYSTEM not set).
2024-01-06 18:56:20.536 [info] > git rev-parse --show-toplevel [1ms]
2024-01-06 18:56:20.536 [info] fatal: not a git repository (or any parent up to mount point /)
Stopping at filesystem boundary (GIT_DISCOVERY_ACROSS_FILESYSTEM not set).
2024-01-06 18:56:20.540 [info] > git rev-parse --show-toplevel [1ms]
2024-01-06 18:56:20.540 [info] fatal: not a git repository (or any parent up to mount point /)
Stopping at filesystem boundary (GIT_DISCOVERY_ACROSS_FILESYSTEM not set).
2024-01-06 18:56:20.543 [info] > git rev-parse --show-toplevel [1ms]
2024-01-06 18:56:20.543 [info] fatal: not a git repository (or any parent up to mount point /)
Stopping at filesystem boundary (GIT_DISCOVERY_ACROSS_FILESYSTEM not set).
2024-01-06 18:56:20.547 [info] > git rev-parse --show-toplevel [0ms]
2024-01-06 18:56:20.547 [info] fatal: not a git repository (or any parent up to mount point /)
Stopping at filesystem boundary (GIT_DISCOVERY_ACROSS_FILESYSTEM not set).
2024-01-06 18:56:20.551 [info] > git rev-parse --show-toplevel [1ms]
2024-01-06 18:56:20.551 [info] fatal: not a git repository (or any parent up to mount point /)
Stopping at filesystem boundary (GIT_DISCOVERY_ACROSS_FILESYSTEM not set).
2024-01-06 18:56:20.554 [info] > git rev-parse --show-toplevel [1ms]
2024-01-06 18:56:20.554 [info] fatal: not a git repository (or any parent up to mount point /)
Stopping at filesystem boundary (GIT_DISCOVERY_ACROSS_FILESYSTEM not set).
2024-01-06 18:56:20.558 [info] > git rev-parse --show-toplevel [1ms]
2024-01-06 18:56:20.558 [info] fatal: not a git repository (or any parent up to mount point /)
Stopping at filesystem boundary (GIT_DISCOVERY_ACROSS_FILESYSTEM not set).
2024-01-06 18:56:20.561 [info] > git rev-parse --show-toplevel [1ms]
2024-01-06 18:56:20.561 [info] fatal: not a git repository (or any parent up to mount point /)
Stopping at filesystem boundary (GIT_DISCOVERY_ACROSS_FILESYSTEM not set).
2024-01-06 18:56:20.565 [info] > git rev-parse --show-toplevel [0ms]
2024-01-06 18:56:20.565 [info] fatal: not a git repository (or any parent up to mount point /)
Stopping at filesystem boundary (GIT_DISCOVERY_ACROSS_FILESYSTEM not set).
2024-01-06 18:56:20.568 [info] > git rev-parse --show-toplevel [1ms]
2024-01-06 18:56:20.568 [info] fatal: not a git repository (or any parent up to mount point /)
Stopping at filesystem boundary (GIT_DISCOVERY_ACROSS_FILESYSTEM not set).
2024-01-06 18:56:20.574 [info] > git rev-parse --show-toplevel [3ms]
2024-01-06 18:56:20.574 [info] fatal: not a git repository (or any parent up to mount point /)
Stopping at filesystem boundary (GIT_DISCOVERY_ACROSS_FILESYSTEM not set).
2024-01-06 18:56:20.581 [info] > git rev-parse --show-toplevel [4ms]
2024-01-06 18:56:20.584 [info] > git rev-parse --git-dir --git-common-dir [0ms]
2024-01-06 18:56:20.591 [info] Open repository: /home/thibault/tpdevs1
2024-01-06 18:56:20.600 [info] > git rev-parse --show-toplevel [2ms]
2024-01-06 18:56:20.600 [info] fatal: not a git repository (or any parent up to mount point /)
Stopping at filesystem boundary (GIT_DISCOVERY_ACROSS_FILESYSTEM not set).
2024-01-06 18:56:20.601 [info] > git config --get commit.template [5ms]
2024-01-06 18:56:20.608 [info] > git rev-parse --show-toplevel [4ms]
2024-01-06 18:56:20.608 [info] fatal: not a git repository (or any parent up to mount point /)
Stopping at filesystem boundary (GIT_DISCOVERY_ACROSS_FILESYSTEM not set).
2024-01-06 18:56:20.612 [info] > git for-each-ref --format=%(refname)%00%(upstream:short)%00%(objectname)%00%(upstream:track)%00%(upstream:remotename)%00%(upstream:remoteref) refs/heads/master refs/remotes/master [5ms]
2024-01-06 18:56:20.619 [info] > git rev-parse --show-toplevel [1ms]
2024-01-06 18:56:20.619 [info] fatal: not a git repository (or any parent up to mount point /)
Stopping at filesystem boundary (GIT_DISCOVERY_ACROSS_FILESYSTEM not set).
2024-01-06 18:56:20.628 [info] > git status -z -uall [5ms]
2024-01-06 18:56:20.640 [info] > git config --get commit.template [1ms]
2024-01-06 18:56:20.644 [info] > git for-each-ref --format=%(refname)%00%(upstream:short)%00%(objectname)%00%(upstream:track)%00%(upstream:remotename)%00%(upstream:remoteref) refs/heads/master refs/remotes/master [1ms]
2024-01-06 18:56:20.648 [info] > git status -z -uall [1ms]
2024-01-06 18:56:23.296 [info] > git rev-parse --show-toplevel [1ms]
2024-01-06 18:56:23.296 [info] fatal: not a git repository (or any parent up to mount point /)
Stopping at filesystem boundary (GIT_DISCOVERY_ACROSS_FILESYSTEM not set).
2024-01-06 18:57:23.008 [info] > git rev-parse --show-toplevel [1ms]
2024-01-06 18:57:23.008 [info] fatal: not a git repository (or any parent up to mount point /)
Stopping at filesystem boundary (GIT_DISCOVERY_ACROSS_FILESYSTEM not set).
2024-01-06 18:57:42.058 [info] > git rev-parse --show-toplevel [1ms]
2024-01-06 18:57:42.058 [info] fatal: not a git repository (or any parent up to mount point /)
Stopping at filesystem boundary (GIT_DISCOVERY_ACROSS_FILESYSTEM not set).
