2024-01-06 17:57:34.767 [info] Log level: Info
2024-01-06 17:57:34.767 [info] Validating found git in: "git"
2024-01-06 17:57:34.767 [info] Using git "2.43.0" from "git"
2024-01-06 17:57:34.767 [info] > git rev-parse --show-toplevel [5ms]
2024-01-06 17:57:34.767 [info] fatal: not a git repository (or any parent up to mount point /)
Stopping at filesystem boundary (GIT_DISCOVERY_ACROSS_FILESYSTEM not set).
2024-01-06 17:57:34.767 [info] > git rev-parse --show-toplevel [4ms]
2024-01-06 17:57:34.767 [info] fatal: not a git repository (or any parent up to mount point /)
Stopping at filesystem boundary (GIT_DISCOVERY_ACROSS_FILESYSTEM not set).
2024-01-06 17:57:34.767 [info] > git rev-parse --show-toplevel [3ms]
2024-01-06 17:57:34.767 [info] fatal: not a git repository (or any parent up to mount point /)
Stopping at filesystem boundary (GIT_DISCOVERY_ACROSS_FILESYSTEM not set).
2024-01-06 17:57:34.771 [info] > git rev-parse --show-toplevel [1ms]
2024-01-06 17:57:34.771 [info] fatal: not a git repository (or any parent up to mount point /)
Stopping at filesystem boundary (GIT_DISCOVERY_ACROSS_FILESYSTEM not set).
2024-01-06 17:57:34.775 [info] > git rev-parse --show-toplevel [1ms]
2024-01-06 17:57:34.775 [info] fatal: not a git repository (or any parent up to mount point /)
Stopping at filesystem boundary (GIT_DISCOVERY_ACROSS_FILESYSTEM not set).
2024-01-06 17:57:34.780 [info] > git rev-parse --show-toplevel [1ms]
2024-01-06 17:57:34.780 [info] fatal: not a git repository (or any parent up to mount point /)
Stopping at filesystem boundary (GIT_DISCOVERY_ACROSS_FILESYSTEM not set).
2024-01-06 17:57:34.785 [info] > git rev-parse --show-toplevel [1ms]
2024-01-06 17:57:34.785 [info] fatal: not a git repository (or any parent up to mount point /)
Stopping at filesystem boundary (GIT_DISCOVERY_ACROSS_FILESYSTEM not set).
2024-01-06 17:57:34.790 [info] > git rev-parse --show-toplevel [1ms]
2024-01-06 17:57:34.790 [info] fatal: not a git repository (or any parent up to mount point /)
Stopping at filesystem boundary (GIT_DISCOVERY_ACROSS_FILESYSTEM not set).
2024-01-06 17:57:34.793 [info] > git rev-parse --show-toplevel [0ms]
2024-01-06 17:57:34.793 [info] fatal: not a git repository (or any parent up to mount point /)
Stopping at filesystem boundary (GIT_DISCOVERY_ACROSS_FILESYSTEM not set).
2024-01-06 17:57:34.797 [info] > git rev-parse --show-toplevel [0ms]
2024-01-06 17:57:34.797 [info] fatal: not a git repository (or any parent up to mount point /)
Stopping at filesystem boundary (GIT_DISCOVERY_ACROSS_FILESYSTEM not set).
2024-01-06 17:57:34.801 [info] > git rev-parse --show-toplevel [1ms]
2024-01-06 17:57:34.801 [info] fatal: not a git repository (or any parent up to mount point /)
Stopping at filesystem boundary (GIT_DISCOVERY_ACROSS_FILESYSTEM not set).
2024-01-06 17:57:34.805 [info] > git rev-parse --show-toplevel [1ms]
2024-01-06 17:57:34.805 [info] fatal: not a git repository (or any parent up to mount point /)
Stopping at filesystem boundary (GIT_DISCOVERY_ACROSS_FILESYSTEM not set).
2024-01-06 17:57:34.808 [info] > git rev-parse --show-toplevel [0ms]
2024-01-06 17:57:34.808 [info] fatal: not a git repository (or any parent up to mount point /)
Stopping at filesystem boundary (GIT_DISCOVERY_ACROSS_FILESYSTEM not set).
2024-01-06 17:57:34.812 [info] > git rev-parse --show-toplevel [0ms]
2024-01-06 17:57:34.812 [info] fatal: not a git repository (or any parent up to mount point /)
Stopping at filesystem boundary (GIT_DISCOVERY_ACROSS_FILESYSTEM not set).
2024-01-06 17:57:34.817 [info] > git rev-parse --show-toplevel [2ms]
2024-01-06 17:57:34.817 [info] fatal: not a git repository (or any parent up to mount point /)
Stopping at filesystem boundary (GIT_DISCOVERY_ACROSS_FILESYSTEM not set).
2024-01-06 17:57:34.821 [info] > git rev-parse --show-toplevel [1ms]
2024-01-06 17:57:34.821 [info] fatal: not a git repository (or any parent up to mount point /)
Stopping at filesystem boundary (GIT_DISCOVERY_ACROSS_FILESYSTEM not set).
2024-01-06 17:57:34.826 [info] > git rev-parse --show-toplevel [2ms]
2024-01-06 17:57:34.826 [info] fatal: not a git repository (or any parent up to mount point /)
Stopping at filesystem boundary (GIT_DISCOVERY_ACROSS_FILESYSTEM not set).
2024-01-06 17:57:34.830 [info] > git rev-parse --show-toplevel [1ms]
2024-01-06 17:57:34.830 [info] fatal: not a git repository (or any parent up to mount point /)
Stopping at filesystem boundary (GIT_DISCOVERY_ACROSS_FILESYSTEM not set).
2024-01-06 17:57:34.833 [info] > git rev-parse --show-toplevel [0ms]
2024-01-06 17:57:34.833 [info] fatal: not a git repository (or any parent up to mount point /)
Stopping at filesystem boundary (GIT_DISCOVERY_ACROSS_FILESYSTEM not set).
2024-01-06 17:57:34.837 [info] > git rev-parse --show-toplevel [1ms]
2024-01-06 17:57:34.837 [info] fatal: not a git repository (or any parent up to mount point /)
Stopping at filesystem boundary (GIT_DISCOVERY_ACROSS_FILESYSTEM not set).
2024-01-06 17:57:34.841 [info] > git rev-parse --show-toplevel [1ms]
2024-01-06 17:57:34.841 [info] fatal: not a git repository (or any parent up to mount point /)
Stopping at filesystem boundary (GIT_DISCOVERY_ACROSS_FILESYSTEM not set).
2024-01-06 17:57:34.846 [info] > git rev-parse --show-toplevel [1ms]
2024-01-06 17:57:34.846 [info] fatal: not a git repository (or any parent up to mount point /)
Stopping at filesystem boundary (GIT_DISCOVERY_ACROSS_FILESYSTEM not set).
2024-01-06 17:57:34.851 [info] > git rev-parse --show-toplevel [1ms]
2024-01-06 17:57:34.851 [info] fatal: not a git repository (or any parent up to mount point /)
Stopping at filesystem boundary (GIT_DISCOVERY_ACROSS_FILESYSTEM not set).
2024-01-06 17:57:34.855 [info] > git rev-parse --show-toplevel [1ms]
2024-01-06 17:57:34.855 [info] fatal: not a git repository (or any parent up to mount point /)
Stopping at filesystem boundary (GIT_DISCOVERY_ACROSS_FILESYSTEM not set).
2024-01-06 17:57:34.859 [info] > git rev-parse --show-toplevel [0ms]
2024-01-06 17:57:34.859 [info] fatal: not a git repository (or any parent up to mount point /)
Stopping at filesystem boundary (GIT_DISCOVERY_ACROSS_FILESYSTEM not set).
2024-01-06 17:57:34.863 [info] > git rev-parse --show-toplevel [0ms]
2024-01-06 17:57:34.863 [info] fatal: not a git repository (or any parent up to mount point /)
Stopping at filesystem boundary (GIT_DISCOVERY_ACROSS_FILESYSTEM not set).
2024-01-06 17:57:34.870 [info] > git rev-parse --show-toplevel [1ms]
2024-01-06 17:57:34.870 [info] fatal: not a git repository (or any parent up to mount point /)
Stopping at filesystem boundary (GIT_DISCOVERY_ACROSS_FILESYSTEM not set).
2024-01-06 17:57:34.875 [info] > git rev-parse --show-toplevel [2ms]
2024-01-06 17:57:34.875 [info] fatal: not a git repository (or any parent up to mount point /)
Stopping at filesystem boundary (GIT_DISCOVERY_ACROSS_FILESYSTEM not set).
2024-01-06 17:57:34.878 [info] > git rev-parse --show-toplevel [1ms]
2024-01-06 17:57:34.878 [info] fatal: not a git repository (or any parent up to mount point /)
Stopping at filesystem boundary (GIT_DISCOVERY_ACROSS_FILESYSTEM not set).
2024-01-06 17:57:34.882 [info] > git rev-parse --show-toplevel [0ms]
2024-01-06 17:57:34.882 [info] fatal: not a git repository (or any parent up to mount point /)
Stopping at filesystem boundary (GIT_DISCOVERY_ACROSS_FILESYSTEM not set).
2024-01-06 17:57:34.888 [info] > git rev-parse --show-toplevel [0ms]
2024-01-06 17:57:34.888 [info] fatal: not a git repository (or any parent up to mount point /)
Stopping at filesystem boundary (GIT_DISCOVERY_ACROSS_FILESYSTEM not set).
2024-01-06 17:57:34.892 [info] > git rev-parse --show-toplevel [0ms]
2024-01-06 17:57:34.892 [info] fatal: not a git repository (or any parent up to mount point /)
Stopping at filesystem boundary (GIT_DISCOVERY_ACROSS_FILESYSTEM not set).
2024-01-06 17:57:34.900 [info] > git rev-parse --show-toplevel [3ms]
2024-01-06 17:57:34.909 [info] > git rev-parse --git-dir --git-common-dir [4ms]
2024-01-06 17:57:34.919 [info] Open repository: /home/thibault/tpdevs1
2024-01-06 17:57:34.930 [info] > git rev-parse --show-toplevel [3ms]
2024-01-06 17:57:34.930 [info] fatal: not a git repository (or any parent up to mount point /)
Stopping at filesystem boundary (GIT_DISCOVERY_ACROSS_FILESYSTEM not set).
2024-01-06 17:57:34.931 [info] > git config --get commit.template [6ms]
2024-01-06 17:57:34.939 [info] > git rev-parse --show-toplevel [4ms]
2024-01-06 17:57:34.939 [info] fatal: not a git repository (or any parent up to mount point /)
Stopping at filesystem boundary (GIT_DISCOVERY_ACROSS_FILESYSTEM not set).
2024-01-06 17:57:34.943 [info] > git for-each-ref --format=%(refname)%00%(upstream:short)%00%(objectname)%00%(upstream:track)%00%(upstream:remotename)%00%(upstream:remoteref) refs/heads/master refs/remotes/master [5ms]
2024-01-06 17:57:34.944 [info] > git rev-parse --show-toplevel [1ms]
2024-01-06 17:57:34.944 [info] fatal: not a git repository (or any parent up to mount point /)
Stopping at filesystem boundary (GIT_DISCOVERY_ACROSS_FILESYSTEM not set).
2024-01-06 17:57:34.953 [info] > git status -z -uall [4ms]
2024-01-06 17:57:34.970 [info] > git for-each-ref --format=%(refname)%00%(upstream:short)%00%(objectname)%00%(upstream:track)%00%(upstream:remotename)%00%(upstream:remoteref) refs/heads/master refs/remotes/master [1ms]
2024-01-06 17:57:34.970 [info] > git config --get commit.template [5ms]
2024-01-06 17:57:34.982 [info] > git status -z -uall [3ms]
2024-01-06 17:57:38.115 [info] > git rev-parse --show-toplevel [1ms]
2024-01-06 17:57:38.115 [info] fatal: not a git repository (or any parent up to mount point /)
Stopping at filesystem boundary (GIT_DISCOVERY_ACROSS_FILESYSTEM not set).
2024-01-06 17:57:46.324 [info] > git rev-parse --show-toplevel [7ms]
2024-01-06 17:57:46.324 [info] fatal: not a git repository (or any parent up to mount point /)
Stopping at filesystem boundary (GIT_DISCOVERY_ACROSS_FILESYSTEM not set).
2024-01-06 17:58:00.516 [info] > git rev-parse --show-toplevel [2ms]
2024-01-06 17:58:00.516 [info] fatal: not a git repository (or any parent up to mount point /)
Stopping at filesystem boundary (GIT_DISCOVERY_ACROSS_FILESYSTEM not set).
2024-01-06 17:58:36.723 [info] > git rev-parse --show-toplevel [1ms]
2024-01-06 17:58:36.723 [info] fatal: not a git repository (or any parent up to mount point /)
Stopping at filesystem boundary (GIT_DISCOVERY_ACROSS_FILESYSTEM not set).
2024-01-06 17:58:39.461 [info] > git rev-parse --show-toplevel [1ms]
2024-01-06 17:58:39.461 [info] fatal: not a git repository (or any parent up to mount point /)
Stopping at filesystem boundary (GIT_DISCOVERY_ACROSS_FILESYSTEM not set).
2024-01-06 17:58:40.087 [info] > git rev-parse --show-toplevel [1ms]
2024-01-06 17:58:40.087 [info] fatal: not a git repository (or any parent up to mount point /)
Stopping at filesystem boundary (GIT_DISCOVERY_ACROSS_FILESYSTEM not set).
2024-01-06 18:00:00.993 [info] > git rev-parse --show-toplevel [2ms]
2024-01-06 18:00:00.993 [info] fatal: not a git repository (or any parent up to mount point /)
Stopping at filesystem boundary (GIT_DISCOVERY_ACROSS_FILESYSTEM not set).
2024-01-06 18:17:06.461 [info] > git rev-parse --show-toplevel [0ms]
2024-01-06 18:17:06.461 [info] fatal: not a git repository (or any parent up to mount point /)
Stopping at filesystem boundary (GIT_DISCOVERY_ACROSS_FILESYSTEM not set).
