2024-01-06 17:31:24.208 [info] Log level: Info
2024-01-06 17:31:24.208 [info] Validating found git in: "git"
2024-01-06 17:31:24.208 [info] Using git "2.43.0" from "git"
2024-01-06 17:31:24.208 [info] > git rev-parse --show-toplevel [1ms]
2024-01-06 17:31:24.208 [info] fatal: not a git repository (or any parent up to mount point /)
Stopping at filesystem boundary (GIT_DISCOVERY_ACROSS_FILESYSTEM not set).
2024-01-06 17:31:24.208 [info] > git rev-parse --show-toplevel [2ms]
2024-01-06 17:31:24.208 [info] fatal: not a git repository (or any parent up to mount point /)
Stopping at filesystem boundary (GIT_DISCOVERY_ACROSS_FILESYSTEM not set).
2024-01-06 17:31:24.213 [info] > git rev-parse --show-toplevel [2ms]
2024-01-06 17:31:24.213 [info] fatal: not a git repository (or any parent up to mount point /)
Stopping at filesystem boundary (GIT_DISCOVERY_ACROSS_FILESYSTEM not set).
2024-01-06 17:31:24.219 [info] > git rev-parse --show-toplevel [2ms]
2024-01-06 17:31:24.219 [info] fatal: not a git repository (or any parent up to mount point /)
Stopping at filesystem boundary (GIT_DISCOVERY_ACROSS_FILESYSTEM not set).
2024-01-06 17:31:24.244 [info] > git rev-parse --show-toplevel [8ms]
2024-01-06 17:31:24.244 [info] fatal: not a git repository (or any parent up to mount point /)
Stopping at filesystem boundary (GIT_DISCOVERY_ACROSS_FILESYSTEM not set).
2024-01-06 17:31:24.249 [info] > git rev-parse --show-toplevel [0ms]
2024-01-06 17:31:24.249 [info] fatal: not a git repository (or any parent up to mount point /)
Stopping at filesystem boundary (GIT_DISCOVERY_ACROSS_FILESYSTEM not set).
2024-01-06 17:31:24.253 [info] > git rev-parse --show-toplevel [0ms]
2024-01-06 17:31:24.253 [info] fatal: not a git repository (or any parent up to mount point /)
Stopping at filesystem boundary (GIT_DISCOVERY_ACROSS_FILESYSTEM not set).
2024-01-06 17:31:24.260 [info] > git rev-parse --show-toplevel [1ms]
2024-01-06 17:31:24.260 [info] fatal: not a git repository (or any parent up to mount point /)
Stopping at filesystem boundary (GIT_DISCOVERY_ACROSS_FILESYSTEM not set).
2024-01-06 17:31:24.268 [info] > git rev-parse --show-toplevel [3ms]
2024-01-06 17:31:24.268 [info] fatal: not a git repository (or any parent up to mount point /)
Stopping at filesystem boundary (GIT_DISCOVERY_ACROSS_FILESYSTEM not set).
2024-01-06 17:31:24.272 [info] > git rev-parse --show-toplevel [0ms]
2024-01-06 17:31:24.272 [info] fatal: not a git repository (or any parent up to mount point /)
Stopping at filesystem boundary (GIT_DISCOVERY_ACROSS_FILESYSTEM not set).
2024-01-06 17:31:24.276 [info] > git rev-parse --show-toplevel [1ms]
2024-01-06 17:31:24.276 [info] fatal: not a git repository (or any parent up to mount point /)
Stopping at filesystem boundary (GIT_DISCOVERY_ACROSS_FILESYSTEM not set).
2024-01-06 17:31:24.281 [info] > git rev-parse --show-toplevel [1ms]
2024-01-06 17:31:24.281 [info] fatal: not a git repository (or any parent up to mount point /)
Stopping at filesystem boundary (GIT_DISCOVERY_ACROSS_FILESYSTEM not set).
2024-01-06 17:31:24.285 [info] > git rev-parse --show-toplevel [1ms]
2024-01-06 17:31:24.285 [info] fatal: not a git repository (or any parent up to mount point /)
Stopping at filesystem boundary (GIT_DISCOVERY_ACROSS_FILESYSTEM not set).
2024-01-06 17:31:24.288 [info] > git rev-parse --show-toplevel [0ms]
2024-01-06 17:31:24.288 [info] fatal: not a git repository (or any parent up to mount point /)
Stopping at filesystem boundary (GIT_DISCOVERY_ACROSS_FILESYSTEM not set).
2024-01-06 17:31:24.292 [info] > git rev-parse --show-toplevel [1ms]
2024-01-06 17:31:24.292 [info] fatal: not a git repository (or any parent up to mount point /)
Stopping at filesystem boundary (GIT_DISCOVERY_ACROSS_FILESYSTEM not set).
2024-01-06 17:31:24.295 [info] > git rev-parse --show-toplevel [0ms]
2024-01-06 17:31:24.295 [info] fatal: not a git repository (or any parent up to mount point /)
Stopping at filesystem boundary (GIT_DISCOVERY_ACROSS_FILESYSTEM not set).
2024-01-06 17:31:24.299 [info] > git rev-parse --show-toplevel [0ms]
2024-01-06 17:31:24.299 [info] fatal: not a git repository (or any parent up to mount point /)
Stopping at filesystem boundary (GIT_DISCOVERY_ACROSS_FILESYSTEM not set).
2024-01-06 17:31:24.303 [info] > git rev-parse --show-toplevel [1ms]
2024-01-06 17:31:24.303 [info] fatal: not a git repository (or any parent up to mount point /)
Stopping at filesystem boundary (GIT_DISCOVERY_ACROSS_FILESYSTEM not set).
2024-01-06 17:31:24.307 [info] > git rev-parse --show-toplevel [1ms]
2024-01-06 17:31:24.307 [info] fatal: not a git repository (or any parent up to mount point /)
Stopping at filesystem boundary (GIT_DISCOVERY_ACROSS_FILESYSTEM not set).
2024-01-06 17:31:24.311 [info] > git rev-parse --show-toplevel [0ms]
2024-01-06 17:31:24.311 [info] fatal: not a git repository (or any parent up to mount point /)
Stopping at filesystem boundary (GIT_DISCOVERY_ACROSS_FILESYSTEM not set).
2024-01-06 17:31:24.315 [info] > git rev-parse --show-toplevel [1ms]
2024-01-06 17:31:24.315 [info] fatal: not a git repository (or any parent up to mount point /)
Stopping at filesystem boundary (GIT_DISCOVERY_ACROSS_FILESYSTEM not set).
2024-01-06 17:31:24.319 [info] > git rev-parse --show-toplevel [1ms]
2024-01-06 17:31:24.319 [info] fatal: not a git repository (or any parent up to mount point /)
Stopping at filesystem boundary (GIT_DISCOVERY_ACROSS_FILESYSTEM not set).
2024-01-06 17:31:24.323 [info] > git rev-parse --show-toplevel [0ms]
2024-01-06 17:31:24.323 [info] fatal: not a git repository (or any parent up to mount point /)
Stopping at filesystem boundary (GIT_DISCOVERY_ACROSS_FILESYSTEM not set).
2024-01-06 17:31:24.326 [info] > git rev-parse --show-toplevel [0ms]
2024-01-06 17:31:24.326 [info] fatal: not a git repository (or any parent up to mount point /)
Stopping at filesystem boundary (GIT_DISCOVERY_ACROSS_FILESYSTEM not set).
2024-01-06 17:31:24.330 [info] > git rev-parse --show-toplevel [1ms]
2024-01-06 17:31:24.330 [info] fatal: not a git repository (or any parent up to mount point /)
Stopping at filesystem boundary (GIT_DISCOVERY_ACROSS_FILESYSTEM not set).
2024-01-06 17:31:24.334 [info] > git rev-parse --show-toplevel [1ms]
2024-01-06 17:31:24.334 [info] fatal: not a git repository (or any parent up to mount point /)
Stopping at filesystem boundary (GIT_DISCOVERY_ACROSS_FILESYSTEM not set).
2024-01-06 17:31:24.338 [info] > git rev-parse --show-toplevel [1ms]
2024-01-06 17:31:24.338 [info] fatal: not a git repository (or any parent up to mount point /)
Stopping at filesystem boundary (GIT_DISCOVERY_ACROSS_FILESYSTEM not set).
2024-01-06 17:31:24.343 [info] > git rev-parse --show-toplevel [0ms]
2024-01-06 17:31:24.343 [info] fatal: not a git repository (or any parent up to mount point /)
Stopping at filesystem boundary (GIT_DISCOVERY_ACROSS_FILESYSTEM not set).
2024-01-06 17:31:24.346 [info] > git rev-parse --show-toplevel [0ms]
2024-01-06 17:31:24.346 [info] fatal: not a git repository (or any parent up to mount point /)
Stopping at filesystem boundary (GIT_DISCOVERY_ACROSS_FILESYSTEM not set).
2024-01-06 17:31:24.353 [info] > git rev-parse --show-toplevel [3ms]
2024-01-06 17:31:24.353 [info] fatal: not a git repository (or any parent up to mount point /)
Stopping at filesystem boundary (GIT_DISCOVERY_ACROSS_FILESYSTEM not set).
2024-01-06 17:31:24.357 [info] > git rev-parse --show-toplevel [1ms]
2024-01-06 17:31:24.357 [info] fatal: not a git repository (or any parent up to mount point /)
Stopping at filesystem boundary (GIT_DISCOVERY_ACROSS_FILESYSTEM not set).
2024-01-06 17:31:24.365 [info] > git rev-parse --show-toplevel [1ms]
2024-01-06 17:31:24.365 [info] fatal: not a git repository (or any parent up to mount point /)
Stopping at filesystem boundary (GIT_DISCOVERY_ACROSS_FILESYSTEM not set).
2024-01-06 17:31:24.371 [info] > git rev-parse --show-toplevel [0ms]
2024-01-06 17:31:24.375 [info] > git rev-parse --git-dir --git-common-dir [1ms]
2024-01-06 17:31:24.381 [info] Open repository: /home/thibault/tpdevs1
2024-01-06 17:31:24.389 [info] > git config --get commit.template [3ms]
2024-01-06 17:31:24.390 [info] > git rev-parse --show-toplevel [1ms]
2024-01-06 17:31:24.390 [info] fatal: not a git repository (or any parent up to mount point /)
Stopping at filesystem boundary (GIT_DISCOVERY_ACROSS_FILESYSTEM not set).
2024-01-06 17:31:24.397 [info] > git for-each-ref --format=%(refname)%00%(upstream:short)%00%(objectname)%00%(upstream:track)%00%(upstream:remotename)%00%(upstream:remoteref) refs/heads/master refs/remotes/master [4ms]
2024-01-06 17:31:24.399 [info] > git rev-parse --show-toplevel [2ms]
2024-01-06 17:31:24.399 [info] fatal: not a git repository (or any parent up to mount point /)
Stopping at filesystem boundary (GIT_DISCOVERY_ACROSS_FILESYSTEM not set).
2024-01-06 17:31:24.405 [info] > git status -z -uall [2ms]
2024-01-06 17:31:24.415 [info] > git config --get commit.template [1ms]
2024-01-06 17:31:24.427 [info] > git for-each-ref --format=%(refname)%00%(upstream:short)%00%(objectname)%00%(upstream:track)%00%(upstream:remotename)%00%(upstream:remoteref) refs/heads/master refs/remotes/master [8ms]
2024-01-06 17:31:24.427 [info] > git rev-parse --show-toplevel [1ms]
2024-01-06 17:31:24.427 [info] fatal: not a git repository (or any parent up to mount point /)
Stopping at filesystem boundary (GIT_DISCOVERY_ACROSS_FILESYSTEM not set).
2024-01-06 17:31:24.432 [info] > git status -z -uall [1ms]
2024-01-06 17:31:29.876 [info] > git rev-parse --show-toplevel [1ms]
2024-01-06 17:31:29.876 [info] fatal: not a git repository (or any parent up to mount point /)
Stopping at filesystem boundary (GIT_DISCOVERY_ACROSS_FILESYSTEM not set).
2024-01-06 17:31:53.326 [info] > git rev-parse --show-toplevel [1ms]
2024-01-06 17:31:53.326 [info] fatal: not a git repository (or any parent up to mount point /)
Stopping at filesystem boundary (GIT_DISCOVERY_ACROSS_FILESYSTEM not set).
2024-01-06 17:31:58.124 [info] > git rev-parse --show-toplevel [1ms]
2024-01-06 17:31:58.124 [info] fatal: not a git repository (or any parent up to mount point /)
Stopping at filesystem boundary (GIT_DISCOVERY_ACROSS_FILESYSTEM not set).
2024-01-06 17:32:01.982 [info] > git rev-parse --show-toplevel [1ms]
2024-01-06 17:32:01.982 [info] fatal: not a git repository (or any parent up to mount point /)
Stopping at filesystem boundary (GIT_DISCOVERY_ACROSS_FILESYSTEM not set).
2024-01-06 17:32:13.361 [info] > git rev-parse --show-toplevel [1ms]
2024-01-06 17:32:13.361 [info] fatal: not a git repository (or any parent up to mount point /)
Stopping at filesystem boundary (GIT_DISCOVERY_ACROSS_FILESYSTEM not set).
2024-01-06 17:34:13.469 [info] > git rev-parse --show-toplevel [1ms]
2024-01-06 17:34:13.469 [info] fatal: not a git repository (or any parent up to mount point /)
Stopping at filesystem boundary (GIT_DISCOVERY_ACROSS_FILESYSTEM not set).
2024-01-06 17:35:23.579 [info] > git rev-parse --show-toplevel [1ms]
2024-01-06 17:35:23.579 [info] fatal: not a git repository (or any parent up to mount point /)
Stopping at filesystem boundary (GIT_DISCOVERY_ACROSS_FILESYSTEM not set).
2024-01-06 17:35:29.082 [info] > git rev-parse --show-toplevel [1ms]
2024-01-06 17:35:29.082 [info] fatal: not a git repository (or any parent up to mount point /)
Stopping at filesystem boundary (GIT_DISCOVERY_ACROSS_FILESYSTEM not set).
